# Logfile created on 2012-02-06 22:27:03 +0100 by logger.rb/31641
REQUESTING PAGE: GET / with {} and HTTP headers {}
REQUESTING PAGE: GET /about with {} and HTTP headers {"HTTP_REFERER"=>"/"}
REQUESTING PAGE: GET /help with {} and HTTP headers {"HTTP_REFERER"=>"/about"}
REQUESTING PAGE: GET /contact with {} and HTTP headers {"HTTP_REFERER"=>"/help"}
REQUESTING PAGE: GET / with {} and HTTP headers {"HTTP_REFERER"=>"/contact"}
REQUESTING PAGE: GET / with {} and HTTP headers {}
REQUESTING PAGE: GET /about with {} and HTTP headers {"HTTP_REFERER"=>"/"}
REQUESTING PAGE: GET /help with {} and HTTP headers {"HTTP_REFERER"=>"/about"}
REQUESTING PAGE: GET /contact with {} and HTTP headers {"HTTP_REFERER"=>"/help"}
REQUESTING PAGE: GET / with {} and HTTP headers {"HTTP_REFERER"=>"/contact"}
REQUESTING PAGE: GET /signup with {} and HTTP headers {"HTTP_REFERER"=>"/"}
REQUESTING PAGE: GET /signup with {} and HTTP headers {}
REQUESTING PAGE: GET /signup with {} and HTTP headers {}
REQUESTING PAGE: GET /signup with {} and HTTP headers {}
REQUESTING PAGE: POST /users with {"utf8"=>"✓", "user"=>{"name"=>"", "email"=>"", "password"=>"", "password_confirmation"=>""}, "commit"=>"Sign up"} and HTTP headers {"HTTP_REFERER"=>"/signup"}
REQUESTING PAGE: GET /signup with {} and HTTP headers {}
REQUESTING PAGE: POST /users with {"utf8"=>"✓", "user"=>{"name"=>"Example User", "email"=>"user@example.com", "password"=>"foobar", "password_confirmation"=>"foobar"}, "commit"=>"Sign up"} and HTTP headers {"HTTP_REFERER"=>"/signup"}
REQUESTING PAGE: GET http://www.example.com/users/1 with {} and HTTP headers {"HTTP_REFERER"=>"/users"}
REQUESTING PAGE: GET /signin with {} and HTTP headers {}
REQUESTING PAGE: GET /signin with {} and HTTP headers {}
REQUESTING PAGE: GET /signin with {} and HTTP headers {}
REQUESTING PAGE: POST /sessions with {"utf8"=>"✓", "email"=>"", "password"=>"", "commit"=>"Sign in"} and HTTP headers {"HTTP_REFERER"=>"/signin"}
REQUESTING PAGE: GET /signin with {} and HTTP headers {}
REQUESTING PAGE: POST /sessions with {"utf8"=>"✓", "email"=>"", "password"=>"", "commit"=>"Sign in"} and HTTP headers {"HTTP_REFERER"=>"/signin"}
REQUESTING PAGE: GET /signin with {} and HTTP headers {}
REQUESTING PAGE: POST /sessions with {"utf8"=>"✓", "email"=>"", "password"=>"", "commit"=>"Sign in"} and HTTP headers {"HTTP_REFERER"=>"/signin"}
REQUESTING PAGE: GET / with {} and HTTP headers {"HTTP_REFERER"=>"/sessions"}
REQUESTING PAGE: GET /users with {} and HTTP headers {}
REQUESTING PAGE: GET http://www.example.com/signin with {} and HTTP headers {"HTTP_REFERER"=>"/users"}
REQUESTING PAGE: GET /users/1/edit with {} and HTTP headers {}
REQUESTING PAGE: GET http://www.example.com/signin with {} and HTTP headers {"HTTP_REFERER"=>"/users/1/edit"}
REQUESTING PAGE: GET /users/1/edit with {} and HTTP headers {}
REQUESTING PAGE: GET http://www.example.com/signin with {} and HTTP headers {"HTTP_REFERER"=>"/users/1/edit"}
REQUESTING PAGE: POST /sessions with {"utf8"=>"✓", "email"=>"person_31@example.com", "password"=>"foobar", "commit"=>"Sign in"} and HTTP headers {"HTTP_REFERER"=>"http://www.example.com/signin"}
REQUESTING PAGE: GET http://www.example.com/users/1/edit with {} and HTTP headers {"HTTP_REFERER"=>"/sessions"}
REQUESTING PAGE: GET /signin with {} and HTTP headers {}
REQUESTING PAGE: POST /sessions with {"utf8"=>"✓", "email"=>"person_33@example.com", "password"=>"foobar", "commit"=>"Sign in"} and HTTP headers {"HTTP_REFERER"=>"/signin"}
REQUESTING PAGE: GET http://www.example.com/users/1 with {} and HTTP headers {"HTTP_REFERER"=>"/sessions"}
REQUESTING PAGE: GET /users/2/edit with {} and HTTP headers {"HTTP_REFERER"=>"http://www.example.com/users/1"}
REQUESTING PAGE: GET http://www.example.com/ with {} and HTTP headers {"HTTP_REFERER"=>"/users/2/edit"}
REQUESTING PAGE: GET /signin with {} and HTTP headers {}
REQUESTING PAGE: POST /sessions with {"utf8"=>"✓", "email"=>"person_34@example.com", "password"=>"foobar", "commit"=>"Sign in"} and HTTP headers {"HTTP_REFERER"=>"/signin"}
REQUESTING PAGE: GET http://www.example.com/users/1 with {} and HTTP headers {"HTTP_REFERER"=>"/sessions"}
REQUESTING PAGE: GET / with {} and HTTP headers {}
REQUESTING PAGE: GET /about with {} and HTTP headers {"HTTP_REFERER"=>"/"}
REQUESTING PAGE: GET /help with {} and HTTP headers {"HTTP_REFERER"=>"/about"}
REQUESTING PAGE: GET /contact with {} and HTTP headers {"HTTP_REFERER"=>"/help"}
REQUESTING PAGE: GET / with {} and HTTP headers {"HTTP_REFERER"=>"/contact"}
REQUESTING PAGE: GET /signin with {} and HTTP headers {"HTTP_REFERER"=>"/"}
REQUESTING PAGE: GET /signup with {} and HTTP headers {}
REQUESTING PAGE: GET /signup with {} and HTTP headers {}
REQUESTING PAGE: GET /signup with {} and HTTP headers {}
REQUESTING PAGE: POST /users with {"utf8"=>"✓", "user"=>{"name"=>"", "email"=>"", "password"=>"", "password_confirmation"=>""}, "commit"=>"Sign up"} and HTTP headers {"HTTP_REFERER"=>"/signup"}
REQUESTING PAGE: GET /signup with {} and HTTP headers {}
REQUESTING PAGE: POST /users with {"utf8"=>"✓", "user"=>{"name"=>"Example User", "email"=>"user@example.com", "password"=>"foobar", "password_confirmation"=>"foobar"}, "commit"=>"Sign up"} and HTTP headers {"HTTP_REFERER"=>"/signup"}
REQUESTING PAGE: GET http://www.example.com/users/1 with {} and HTTP headers {"HTTP_REFERER"=>"/users"}
REQUESTING PAGE: GET /signin with {} and HTTP headers {}
REQUESTING PAGE: POST /sessions with {"utf8"=>"✓", "email"=>"person_42@example.com", "password"=>"foobar", "commit"=>"Sign in"} and HTTP headers {"HTTP_REFERER"=>"/signin"}
REQUESTING PAGE: GET http://www.example.com/users/1 with {} and HTTP headers {"HTTP_REFERER"=>"/sessions"}
REQUESTING PAGE: GET /users/1/edit with {} and HTTP headers {"HTTP_REFERER"=>"http://www.example.com/users/1"}
REQUESTING PAGE: GET /signin with {} and HTTP headers {}
REQUESTING PAGE: POST /sessions with {"utf8"=>"✓", "email"=>"person_43@example.com", "password"=>"foobar", "commit"=>"Sign in"} and HTTP headers {"HTTP_REFERER"=>"/signin"}
REQUESTING PAGE: GET http://www.example.com/users/1 with {} and HTTP headers {"HTTP_REFERER"=>"/sessions"}
REQUESTING PAGE: GET /users/1/edit with {} and HTTP headers {"HTTP_REFERER"=>"http://www.example.com/users/1"}
REQUESTING PAGE: GET /signin with {} and HTTP headers {}
REQUESTING PAGE: POST /sessions with {"utf8"=>"✓", "email"=>"person_44@example.com", "password"=>"foobar", "commit"=>"Sign in"} and HTTP headers {"HTTP_REFERER"=>"/signin"}
REQUESTING PAGE: GET http://www.example.com/users/1 with {} and HTTP headers {"HTTP_REFERER"=>"/sessions"}
REQUESTING PAGE: GET /users/1/edit with {} and HTTP headers {"HTTP_REFERER"=>"http://www.example.com/users/1"}
REQUESTING PAGE: POST /users/1 with {"utf8"=>"✓", "_method"=>"put", "user"=>{"name"=>"Person 46", "email"=>"person_44@example.com", "password"=>"", "password_confirmation"=>""}, "commit"=>"Update"} and HTTP headers {"HTTP_REFERER"=>"/users/1/edit"}
REQUESTING PAGE: GET /signin with {} and HTTP headers {}
REQUESTING PAGE: POST /sessions with {"utf8"=>"✓", "email"=>"person_45@example.com", "password"=>"foobar", "commit"=>"Sign in"} and HTTP headers {"HTTP_REFERER"=>"/signin"}
REQUESTING PAGE: GET http://www.example.com/users/1 with {} and HTTP headers {"HTTP_REFERER"=>"/sessions"}
REQUESTING PAGE: GET /users/1/edit with {} and HTTP headers {"HTTP_REFERER"=>"http://www.example.com/users/1"}
REQUESTING PAGE: POST /users/1 with {"utf8"=>"✓", "_method"=>"put", "user"=>{"name"=>"New Name", "email"=>"new@example.com", "password"=>"foobar", "password_confirmation"=>"foobar"}, "commit"=>"Update"} and HTTP headers {"HTTP_REFERER"=>"/users/1/edit"}
REQUESTING PAGE: GET http://www.example.com/users/1 with {} and HTTP headers {"HTTP_REFERER"=>"/users/1"}
REQUESTING PAGE: GET /signin with {} and HTTP headers {}
REQUESTING PAGE: POST /sessions with {"utf8"=>"✓", "email"=>"person_46@example.com", "password"=>"foobar", "commit"=>"Sign in"} and HTTP headers {"HTTP_REFERER"=>"/signin"}
REQUESTING PAGE: GET http://www.example.com/users/1 with {} and HTTP headers {"HTTP_REFERER"=>"/sessions"}
REQUESTING PAGE: GET /users/1/edit with {} and HTTP headers {"HTTP_REFERER"=>"http://www.example.com/users/1"}
REQUESTING PAGE: POST /users/1 with {"utf8"=>"✓", "_method"=>"put", "user"=>{"name"=>"New Name", "email"=>"new@example.com", "password"=>"foobar", "password_confirmation"=>"foobar"}, "commit"=>"Update"} and HTTP headers {"HTTP_REFERER"=>"/users/1/edit"}
REQUESTING PAGE: GET http://www.example.com/users/1 with {} and HTTP headers {"HTTP_REFERER"=>"/users/1"}
REQUESTING PAGE: GET /signin with {} and HTTP headers {}
REQUESTING PAGE: POST /sessions with {"utf8"=>"✓", "email"=>"person_47@example.com", "password"=>"foobar", "commit"=>"Sign in"} and HTTP headers {"HTTP_REFERER"=>"/signin"}
REQUESTING PAGE: GET http://www.example.com/users/1 with {} and HTTP headers {"HTTP_REFERER"=>"/sessions"}
REQUESTING PAGE: GET /users/1/edit with {} and HTTP headers {"HTTP_REFERER"=>"http://www.example.com/users/1"}
REQUESTING PAGE: POST /users/1 with {"utf8"=>"✓", "_method"=>"put", "user"=>{"name"=>"New Name", "email"=>"new@example.com", "password"=>"foobar", "password_confirmation"=>"foobar"}, "commit"=>"Update"} and HTTP headers {"HTTP_REFERER"=>"/users/1/edit"}
REQUESTING PAGE: GET http://www.example.com/users/1 with {} and HTTP headers {"HTTP_REFERER"=>"/users/1"}
REQUESTING PAGE: GET /signin with {} and HTTP headers {}
REQUESTING PAGE: POST /sessions with {"utf8"=>"✓", "email"=>"person_48@example.com", "password"=>"foobar", "commit"=>"Sign in"} and HTTP headers {"HTTP_REFERER"=>"/signin"}
REQUESTING PAGE: GET http://www.example.com/users/1 with {} and HTTP headers {"HTTP_REFERER"=>"/sessions"}
REQUESTING PAGE: GET /users/1/edit with {} and HTTP headers {"HTTP_REFERER"=>"http://www.example.com/users/1"}
REQUESTING PAGE: POST /users/1 with {"utf8"=>"✓", "_method"=>"put", "user"=>{"name"=>"New Name", "email"=>"new@example.com", "password"=>"foobar", "password_confirmation"=>"foobar"}, "commit"=>"Update"} and HTTP headers {"HTTP_REFERER"=>"/users/1/edit"}
REQUESTING PAGE: GET http://www.example.com/users/1 with {} and HTTP headers {"HTTP_REFERER"=>"/users/1"}
REQUESTING PAGE: GET /signin with {} and HTTP headers {}
REQUESTING PAGE: POST /sessions with {"utf8"=>"✓", "email"=>"person_49@example.com", "password"=>"foobar", "commit"=>"Sign in"} and HTTP headers {"HTTP_REFERER"=>"/signin"}
REQUESTING PAGE: GET http://www.example.com/users/1 with {} and HTTP headers {"HTTP_REFERER"=>"/sessions"}
REQUESTING PAGE: GET /users with {} and HTTP headers {"HTTP_REFERER"=>"http://www.example.com/users/1"}
REQUESTING PAGE: GET /signin with {} and HTTP headers {}
REQUESTING PAGE: POST /sessions with {"utf8"=>"✓", "email"=>"person_50@example.com", "password"=>"foobar", "commit"=>"Sign in"} and HTTP headers {"HTTP_REFERER"=>"/signin"}
REQUESTING PAGE: GET http://www.example.com/users/1 with {} and HTTP headers {"HTTP_REFERER"=>"/sessions"}
REQUESTING PAGE: GET /users with {} and HTTP headers {"HTTP_REFERER"=>"http://www.example.com/users/1"}
REQUESTING PAGE: GET /users/1 with {} and HTTP headers {}
REQUESTING PAGE: GET http://www.example.com/signin with {} and HTTP headers {"HTTP_REFERER"=>"/users/1"}
REQUESTING PAGE: GET /users/1 with {} and HTTP headers {}
REQUESTING PAGE: GET http://www.example.com/signin with {} and HTTP headers {"HTTP_REFERER"=>"/users/1"}
REQUESTING PAGE: GET /users/1 with {} and HTTP headers {}
REQUESTING PAGE: GET http://www.example.com/signin with {} and HTTP headers {"HTTP_REFERER"=>"/users/1"}
REQUESTING PAGE: GET /users/1 with {} and HTTP headers {}
REQUESTING PAGE: GET http://www.example.com/signin with {} and HTTP headers {"HTTP_REFERER"=>"/users/1"}
REQUESTING PAGE: GET /users/1 with {} and HTTP headers {}
REQUESTING PAGE: GET http://www.example.com/signin with {} and HTTP headers {"HTTP_REFERER"=>"/users/1"}
REQUESTING PAGE: GET /signin with {} and HTTP headers {}
REQUESTING PAGE: GET /signin with {} and HTTP headers {}
REQUESTING PAGE: GET /signin with {} and HTTP headers {}
REQUESTING PAGE: POST /sessions with {"utf8"=>"✓", "email"=>"", "password"=>"", "commit"=>"Sign in"} and HTTP headers {"HTTP_REFERER"=>"/signin"}
REQUESTING PAGE: GET /signin with {} and HTTP headers {}
REQUESTING PAGE: POST /sessions with {"utf8"=>"✓", "email"=>"", "password"=>"", "commit"=>"Sign in"} and HTTP headers {"HTTP_REFERER"=>"/signin"}
REQUESTING PAGE: GET /signin with {} and HTTP headers {}
REQUESTING PAGE: POST /sessions with {"utf8"=>"✓", "email"=>"", "password"=>"", "commit"=>"Sign in"} and HTTP headers {"HTTP_REFERER"=>"/signin"}
REQUESTING PAGE: GET / with {} and HTTP headers {"HTTP_REFERER"=>"/sessions"}
REQUESTING PAGE: GET /users with {} and HTTP headers {}
REQUESTING PAGE: GET http://www.example.com/signin with {} and HTTP headers {"HTTP_REFERER"=>"/users"}
REQUESTING PAGE: GET /users/1/edit with {} and HTTP headers {}
REQUESTING PAGE: GET http://www.example.com/signin with {} and HTTP headers {"HTTP_REFERER"=>"/users/1/edit"}
REQUESTING PAGE: GET /users/1/edit with {} and HTTP headers {}
REQUESTING PAGE: GET http://www.example.com/signin with {} and HTTP headers {"HTTP_REFERER"=>"/users/1/edit"}
REQUESTING PAGE: POST /sessions with {"utf8"=>"✓", "email"=>"person_31@example.com", "password"=>"foobar", "commit"=>"Sign in"} and HTTP headers {"HTTP_REFERER"=>"http://www.example.com/signin"}
REQUESTING PAGE: GET http://www.example.com/users/1/edit with {} and HTTP headers {"HTTP_REFERER"=>"/sessions"}
REQUESTING PAGE: GET /signin with {} and HTTP headers {}
REQUESTING PAGE: POST /sessions with {"utf8"=>"✓", "email"=>"person_33@example.com", "password"=>"foobar", "commit"=>"Sign in"} and HTTP headers {"HTTP_REFERER"=>"/signin"}
REQUESTING PAGE: GET http://www.example.com/users/1 with {} and HTTP headers {"HTTP_REFERER"=>"/sessions"}
REQUESTING PAGE: GET /users/2/edit with {} and HTTP headers {"HTTP_REFERER"=>"http://www.example.com/users/1"}
REQUESTING PAGE: GET http://www.example.com/ with {} and HTTP headers {"HTTP_REFERER"=>"/users/2/edit"}
REQUESTING PAGE: GET /signin with {} and HTTP headers {}
REQUESTING PAGE: POST /sessions with {"utf8"=>"✓", "email"=>"person_34@example.com", "password"=>"foobar", "commit"=>"Sign in"} and HTTP headers {"HTTP_REFERER"=>"/signin"}
REQUESTING PAGE: GET http://www.example.com/users/1 with {} and HTTP headers {"HTTP_REFERER"=>"/sessions"}
REQUESTING PAGE: GET / with {} and HTTP headers {}
REQUESTING PAGE: GET /about with {} and HTTP headers {"HTTP_REFERER"=>"/"}
REQUESTING PAGE: GET /help with {} and HTTP headers {"HTTP_REFERER"=>"/about"}
REQUESTING PAGE: GET /contact with {} and HTTP headers {"HTTP_REFERER"=>"/help"}
REQUESTING PAGE: GET / with {} and HTTP headers {"HTTP_REFERER"=>"/contact"}
REQUESTING PAGE: GET /signin with {} and HTTP headers {"HTTP_REFERER"=>"/"}
REQUESTING PAGE: GET /signup with {} and HTTP headers {}
REQUESTING PAGE: GET /signup with {} and HTTP headers {}
REQUESTING PAGE: GET /signup with {} and HTTP headers {}
REQUESTING PAGE: POST /users with {"utf8"=>"✓", "user"=>{"name"=>"", "email"=>"", "password"=>"", "password_confirmation"=>""}, "commit"=>"Sign up"} and HTTP headers {"HTTP_REFERER"=>"/signup"}
REQUESTING PAGE: GET /signup with {} and HTTP headers {}
REQUESTING PAGE: POST /users with {"utf8"=>"✓", "user"=>{"name"=>"Example User", "email"=>"user@example.com", "password"=>"foobar", "password_confirmation"=>"foobar"}, "commit"=>"Sign up"} and HTTP headers {"HTTP_REFERER"=>"/signup"}
REQUESTING PAGE: GET http://www.example.com/users/1 with {} and HTTP headers {"HTTP_REFERER"=>"/users"}
REQUESTING PAGE: GET /signin with {} and HTTP headers {}
REQUESTING PAGE: POST /sessions with {"utf8"=>"✓", "email"=>"person_42@example.com", "password"=>"foobar", "commit"=>"Sign in"} and HTTP headers {"HTTP_REFERER"=>"/signin"}
REQUESTING PAGE: GET http://www.example.com/users/1 with {} and HTTP headers {"HTTP_REFERER"=>"/sessions"}
REQUESTING PAGE: GET /users/1/edit with {} and HTTP headers {"HTTP_REFERER"=>"http://www.example.com/users/1"}
REQUESTING PAGE: GET /signin with {} and HTTP headers {}
REQUESTING PAGE: POST /sessions with {"utf8"=>"✓", "email"=>"person_43@example.com", "password"=>"foobar", "commit"=>"Sign in"} and HTTP headers {"HTTP_REFERER"=>"/signin"}
REQUESTING PAGE: GET http://www.example.com/users/1 with {} and HTTP headers {"HTTP_REFERER"=>"/sessions"}
REQUESTING PAGE: GET /users/1/edit with {} and HTTP headers {"HTTP_REFERER"=>"http://www.example.com/users/1"}
REQUESTING PAGE: GET /signin with {} and HTTP headers {}
REQUESTING PAGE: POST /sessions with {"utf8"=>"✓", "email"=>"person_44@example.com", "password"=>"foobar", "commit"=>"Sign in"} and HTTP headers {"HTTP_REFERER"=>"/signin"}
REQUESTING PAGE: GET http://www.example.com/users/1 with {} and HTTP headers {"HTTP_REFERER"=>"/sessions"}
REQUESTING PAGE: GET /users/1/edit with {} and HTTP headers {"HTTP_REFERER"=>"http://www.example.com/users/1"}
REQUESTING PAGE: POST /users/1 with {"utf8"=>"✓", "_method"=>"put", "user"=>{"name"=>"Person 46", "email"=>"person_44@example.com", "password"=>"", "password_confirmation"=>""}, "commit"=>"Update"} and HTTP headers {"HTTP_REFERER"=>"/users/1/edit"}
REQUESTING PAGE: GET /signin with {} and HTTP headers {}
REQUESTING PAGE: POST /sessions with {"utf8"=>"✓", "email"=>"person_45@example.com", "password"=>"foobar", "commit"=>"Sign in"} and HTTP headers {"HTTP_REFERER"=>"/signin"}
REQUESTING PAGE: GET http://www.example.com/users/1 with {} and HTTP headers {"HTTP_REFERER"=>"/sessions"}
REQUESTING PAGE: GET /users/1/edit with {} and HTTP headers {"HTTP_REFERER"=>"http://www.example.com/users/1"}
REQUESTING PAGE: POST /users/1 with {"utf8"=>"✓", "_method"=>"put", "user"=>{"name"=>"New Name", "email"=>"new@example.com", "password"=>"foobar", "password_confirmation"=>"foobar"}, "commit"=>"Update"} and HTTP headers {"HTTP_REFERER"=>"/users/1/edit"}
REQUESTING PAGE: GET http://www.example.com/users/1 with {} and HTTP headers {"HTTP_REFERER"=>"/users/1"}
REQUESTING PAGE: GET /signin with {} and HTTP headers {}
REQUESTING PAGE: POST /sessions with {"utf8"=>"✓", "email"=>"person_46@example.com", "password"=>"foobar", "commit"=>"Sign in"} and HTTP headers {"HTTP_REFERER"=>"/signin"}
REQUESTING PAGE: GET http://www.example.com/users/1 with {} and HTTP headers {"HTTP_REFERER"=>"/sessions"}
REQUESTING PAGE: GET /users/1/edit with {} and HTTP headers {"HTTP_REFERER"=>"http://www.example.com/users/1"}
REQUESTING PAGE: POST /users/1 with {"utf8"=>"✓", "_method"=>"put", "user"=>{"name"=>"New Name", "email"=>"new@example.com", "password"=>"foobar", "password_confirmation"=>"foobar"}, "commit"=>"Update"} and HTTP headers {"HTTP_REFERER"=>"/users/1/edit"}
REQUESTING PAGE: GET http://www.example.com/users/1 with {} and HTTP headers {"HTTP_REFERER"=>"/users/1"}
REQUESTING PAGE: GET /signin with {} and HTTP headers {}
REQUESTING PAGE: POST /sessions with {"utf8"=>"✓", "email"=>"person_47@example.com", "password"=>"foobar", "commit"=>"Sign in"} and HTTP headers {"HTTP_REFERER"=>"/signin"}
REQUESTING PAGE: GET http://www.example.com/users/1 with {} and HTTP headers {"HTTP_REFERER"=>"/sessions"}
REQUESTING PAGE: GET /users/1/edit with {} and HTTP headers {"HTTP_REFERER"=>"http://www.example.com/users/1"}
REQUESTING PAGE: POST /users/1 with {"utf8"=>"✓", "_method"=>"put", "user"=>{"name"=>"New Name", "email"=>"new@example.com", "password"=>"foobar", "password_confirmation"=>"foobar"}, "commit"=>"Update"} and HTTP headers {"HTTP_REFERER"=>"/users/1/edit"}
REQUESTING PAGE: GET http://www.example.com/users/1 with {} and HTTP headers {"HTTP_REFERER"=>"/users/1"}
REQUESTING PAGE: GET /signin with {} and HTTP headers {}
REQUESTING PAGE: POST /sessions with {"utf8"=>"✓", "email"=>"person_48@example.com", "password"=>"foobar", "commit"=>"Sign in"} and HTTP headers {"HTTP_REFERER"=>"/signin"}
REQUESTING PAGE: GET http://www.example.com/users/1 with {} and HTTP headers {"HTTP_REFERER"=>"/sessions"}
REQUESTING PAGE: GET /users/1/edit with {} and HTTP headers {"HTTP_REFERER"=>"http://www.example.com/users/1"}
REQUESTING PAGE: POST /users/1 with {"utf8"=>"✓", "_method"=>"put", "user"=>{"name"=>"New Name", "email"=>"new@example.com", "password"=>"foobar", "password_confirmation"=>"foobar"}, "commit"=>"Update"} and HTTP headers {"HTTP_REFERER"=>"/users/1/edit"}
REQUESTING PAGE: GET http://www.example.com/users/1 with {} and HTTP headers {"HTTP_REFERER"=>"/users/1"}
REQUESTING PAGE: GET /signin with {} and HTTP headers {}
REQUESTING PAGE: POST /sessions with {"utf8"=>"✓", "email"=>"person_49@example.com", "password"=>"foobar", "commit"=>"Sign in"} and HTTP headers {"HTTP_REFERER"=>"/signin"}
REQUESTING PAGE: GET http://www.example.com/users/1 with {} and HTTP headers {"HTTP_REFERER"=>"/sessions"}
REQUESTING PAGE: GET /users with {} and HTTP headers {"HTTP_REFERER"=>"http://www.example.com/users/1"}
REQUESTING PAGE: GET /signin with {} and HTTP headers {}
REQUESTING PAGE: POST /sessions with {"utf8"=>"✓", "email"=>"person_50@example.com", "password"=>"foobar", "commit"=>"Sign in"} and HTTP headers {"HTTP_REFERER"=>"/signin"}
REQUESTING PAGE: GET http://www.example.com/users/1 with {} and HTTP headers {"HTTP_REFERER"=>"/sessions"}
REQUESTING PAGE: GET /users with {} and HTTP headers {"HTTP_REFERER"=>"http://www.example.com/users/1"}
REQUESTING PAGE: GET /signin with {} and HTTP headers {}
REQUESTING PAGE: POST /sessions with {"utf8"=>"✓", "email"=>"person_51@example.com", "password"=>"foobar", "commit"=>"Sign in"} and HTTP headers {"HTTP_REFERER"=>"/signin"}
REQUESTING PAGE: GET http://www.example.com/users/1 with {} and HTTP headers {"HTTP_REFERER"=>"/sessions"}
REQUESTING PAGE: GET /users/1 with {} and HTTP headers {"HTTP_REFERER"=>"http://www.example.com/users/1"}
REQUESTING PAGE: GET /signin with {} and HTTP headers {}
REQUESTING PAGE: POST /sessions with {"utf8"=>"✓", "email"=>"person_52@example.com", "password"=>"foobar", "commit"=>"Sign in"} and HTTP headers {"HTTP_REFERER"=>"/signin"}
REQUESTING PAGE: GET http://www.example.com/users/1 with {} and HTTP headers {"HTTP_REFERER"=>"/sessions"}
REQUESTING PAGE: GET /users/1 with {} and HTTP headers {"HTTP_REFERER"=>"http://www.example.com/users/1"}
REQUESTING PAGE: GET /signin with {} and HTTP headers {}
REQUESTING PAGE: POST /sessions with {"utf8"=>"✓", "email"=>"person_53@example.com", "password"=>"foobar", "commit"=>"Sign in"} and HTTP headers {"HTTP_REFERER"=>"/signin"}
REQUESTING PAGE: GET http://www.example.com/users/1 with {} and HTTP headers {"HTTP_REFERER"=>"/sessions"}
REQUESTING PAGE: GET /users/1 with {} and HTTP headers {"HTTP_REFERER"=>"http://www.example.com/users/1"}
REQUESTING PAGE: GET /signin with {} and HTTP headers {}
REQUESTING PAGE: POST /sessions with {"utf8"=>"✓", "email"=>"person_54@example.com", "password"=>"foobar", "commit"=>"Sign in"} and HTTP headers {"HTTP_REFERER"=>"/signin"}
REQUESTING PAGE: GET http://www.example.com/users/1 with {} and HTTP headers {"HTTP_REFERER"=>"/sessions"}
REQUESTING PAGE: GET /users/1 with {} and HTTP headers {"HTTP_REFERER"=>"http://www.example.com/users/1"}
REQUESTING PAGE: GET /signin with {} and HTTP headers {}
REQUESTING PAGE: POST /sessions with {"utf8"=>"✓", "email"=>"person_55@example.com", "password"=>"foobar", "commit"=>"Sign in"} and HTTP headers {"HTTP_REFERER"=>"/signin"}
REQUESTING PAGE: GET http://www.example.com/users/1 with {} and HTTP headers {"HTTP_REFERER"=>"/sessions"}
REQUESTING PAGE: GET /users/1 with {} and HTTP headers {"HTTP_REFERER"=>"http://www.example.com/users/1"}
REQUESTING PAGE: GET /signin with {} and HTTP headers {}
REQUESTING PAGE: GET /signin with {} and HTTP headers {}
REQUESTING PAGE: GET /signin with {} and HTTP headers {}
REQUESTING PAGE: POST /sessions with {"utf8"=>"✓", "email"=>"", "password"=>"", "commit"=>"Sign in"} and HTTP headers {"HTTP_REFERER"=>"/signin"}
REQUESTING PAGE: GET /signin with {} and HTTP headers {}
REQUESTING PAGE: POST /sessions with {"utf8"=>"✓", "email"=>"", "password"=>"", "commit"=>"Sign in"} and HTTP headers {"HTTP_REFERER"=>"/signin"}
REQUESTING PAGE: GET /signin with {} and HTTP headers {}
REQUESTING PAGE: POST /sessions with {"utf8"=>"✓", "email"=>"", "password"=>"", "commit"=>"Sign in"} and HTTP headers {"HTTP_REFERER"=>"/signin"}
REQUESTING PAGE: GET / with {} and HTTP headers {"HTTP_REFERER"=>"/sessions"}
REQUESTING PAGE: GET /users with {} and HTTP headers {}
REQUESTING PAGE: GET http://www.example.com/signin with {} and HTTP headers {"HTTP_REFERER"=>"/users"}
REQUESTING PAGE: GET /users/1/edit with {} and HTTP headers {}
REQUESTING PAGE: GET http://www.example.com/signin with {} and HTTP headers {"HTTP_REFERER"=>"/users/1/edit"}
REQUESTING PAGE: GET /users/1/edit with {} and HTTP headers {}
REQUESTING PAGE: GET http://www.example.com/signin with {} and HTTP headers {"HTTP_REFERER"=>"/users/1/edit"}
REQUESTING PAGE: POST /sessions with {"utf8"=>"✓", "email"=>"person_31@example.com", "password"=>"foobar", "commit"=>"Sign in"} and HTTP headers {"HTTP_REFERER"=>"http://www.example.com/signin"}
REQUESTING PAGE: GET http://www.example.com/users/1/edit with {} and HTTP headers {"HTTP_REFERER"=>"/sessions"}
REQUESTING PAGE: GET /signin with {} and HTTP headers {}
REQUESTING PAGE: POST /sessions with {"utf8"=>"✓", "email"=>"person_33@example.com", "password"=>"foobar", "commit"=>"Sign in"} and HTTP headers {"HTTP_REFERER"=>"/signin"}
REQUESTING PAGE: GET http://www.example.com/users/1 with {} and HTTP headers {"HTTP_REFERER"=>"/sessions"}
REQUESTING PAGE: GET /users/2/edit with {} and HTTP headers {"HTTP_REFERER"=>"http://www.example.com/users/1"}
REQUESTING PAGE: GET http://www.example.com/ with {} and HTTP headers {"HTTP_REFERER"=>"/users/2/edit"}
REQUESTING PAGE: GET /signin with {} and HTTP headers {}
REQUESTING PAGE: POST /sessions with {"utf8"=>"✓", "email"=>"person_34@example.com", "password"=>"foobar", "commit"=>"Sign in"} and HTTP headers {"HTTP_REFERER"=>"/signin"}
REQUESTING PAGE: GET http://www.example.com/users/1 with {} and HTTP headers {"HTTP_REFERER"=>"/sessions"}
REQUESTING PAGE: GET / with {} and HTTP headers {}
REQUESTING PAGE: GET /about with {} and HTTP headers {"HTTP_REFERER"=>"/"}
REQUESTING PAGE: GET /help with {} and HTTP headers {"HTTP_REFERER"=>"/about"}
REQUESTING PAGE: GET /contact with {} and HTTP headers {"HTTP_REFERER"=>"/help"}
REQUESTING PAGE: GET / with {} and HTTP headers {"HTTP_REFERER"=>"/contact"}
REQUESTING PAGE: GET /signin with {} and HTTP headers {"HTTP_REFERER"=>"/"}
REQUESTING PAGE: GET /signin with {} and HTTP headers {}
REQUESTING PAGE: POST /sessions with {"utf8"=>"✓", "email"=>"person_39@example.com", "password"=>"foobar", "commit"=>"Sign in"} and HTTP headers {"HTTP_REFERER"=>"/signin"}
REQUESTING PAGE: GET http://www.example.com/users/1 with {} and HTTP headers {"HTTP_REFERER"=>"/sessions"}
REQUESTING PAGE: GET / with {} and HTTP headers {"HTTP_REFERER"=>"http://www.example.com/users/1"}
REQUESTING PAGE: GET /signup with {} and HTTP headers {}
REQUESTING PAGE: GET /signup with {} and HTTP headers {}
REQUESTING PAGE: GET /signup with {} and HTTP headers {}
REQUESTING PAGE: POST /users with {"utf8"=>"✓", "user"=>{"name"=>"", "email"=>"", "password"=>"", "password_confirmation"=>""}, "commit"=>"Sign up"} and HTTP headers {"HTTP_REFERER"=>"/signup"}
REQUESTING PAGE: GET /signup with {} and HTTP headers {}
REQUESTING PAGE: POST /users with {"utf8"=>"✓", "user"=>{"name"=>"Example User", "email"=>"user@example.com", "password"=>"foobar", "password_confirmation"=>"foobar"}, "commit"=>"Sign up"} and HTTP headers {"HTTP_REFERER"=>"/signup"}
REQUESTING PAGE: GET http://www.example.com/users/1 with {} and HTTP headers {"HTTP_REFERER"=>"/users"}
REQUESTING PAGE: GET /signin with {} and HTTP headers {}
REQUESTING PAGE: POST /sessions with {"utf8"=>"✓", "email"=>"person_40@example.com", "password"=>"foobar", "commit"=>"Sign in"} and HTTP headers {"HTTP_REFERER"=>"/signin"}
REQUESTING PAGE: GET http://www.example.com/users/1 with {} and HTTP headers {"HTTP_REFERER"=>"/sessions"}
REQUESTING PAGE: GET /users/1/edit with {} and HTTP headers {"HTTP_REFERER"=>"http://www.example.com/users/1"}
REQUESTING PAGE: GET /signin with {} and HTTP headers {}
REQUESTING PAGE: POST /sessions with {"utf8"=>"✓", "email"=>"person_41@example.com", "password"=>"foobar", "commit"=>"Sign in"} and HTTP headers {"HTTP_REFERER"=>"/signin"}
REQUESTING PAGE: GET http://www.example.com/users/1 with {} and HTTP headers {"HTTP_REFERER"=>"/sessions"}
REQUESTING PAGE: GET /users/1/edit with {} and HTTP headers {"HTTP_REFERER"=>"http://www.example.com/users/1"}
REQUESTING PAGE: GET /signin with {} and HTTP headers {}
REQUESTING PAGE: POST /sessions with {"utf8"=>"✓", "email"=>"person_42@example.com", "password"=>"foobar", "commit"=>"Sign in"} and HTTP headers {"HTTP_REFERER"=>"/signin"}
REQUESTING PAGE: GET http://www.example.com/users/1 with {} and HTTP headers {"HTTP_REFERER"=>"/sessions"}
REQUESTING PAGE: GET /users/1/edit with {} and HTTP headers {"HTTP_REFERER"=>"http://www.example.com/users/1"}
REQUESTING PAGE: POST /users/1 with {"utf8"=>"✓", "_method"=>"put", "user"=>{"name"=>"New Name", "email"=>"new@example.com", "password"=>"foobar", "password_confirmation"=>"foobar"}, "commit"=>"Update"} and HTTP headers {"HTTP_REFERER"=>"/users/1/edit"}
REQUESTING PAGE: GET http://www.example.com/users/1 with {} and HTTP headers {"HTTP_REFERER"=>"/users/1"}
REQUESTING PAGE: GET /signin with {} and HTTP headers {}
REQUESTING PAGE: POST /sessions with {"utf8"=>"✓", "email"=>"person_43@example.com", "password"=>"foobar", "commit"=>"Sign in"} and HTTP headers {"HTTP_REFERER"=>"/signin"}
REQUESTING PAGE: GET http://www.example.com/users/1 with {} and HTTP headers {"HTTP_REFERER"=>"/sessions"}
REQUESTING PAGE: GET /users/1/edit with {} and HTTP headers {"HTTP_REFERER"=>"http://www.example.com/users/1"}
REQUESTING PAGE: POST /users/1 with {"utf8"=>"✓", "_method"=>"put", "user"=>{"name"=>"New Name", "email"=>"new@example.com", "password"=>"foobar", "password_confirmation"=>"foobar"}, "commit"=>"Update"} and HTTP headers {"HTTP_REFERER"=>"/users/1/edit"}
REQUESTING PAGE: GET http://www.example.com/users/1 with {} and HTTP headers {"HTTP_REFERER"=>"/users/1"}
REQUESTING PAGE: GET /signin with {} and HTTP headers {}
REQUESTING PAGE: POST /sessions with {"utf8"=>"✓", "email"=>"person_44@example.com", "password"=>"foobar", "commit"=>"Sign in"} and HTTP headers {"HTTP_REFERER"=>"/signin"}
REQUESTING PAGE: GET http://www.example.com/users/1 with {} and HTTP headers {"HTTP_REFERER"=>"/sessions"}
REQUESTING PAGE: GET /users/1/edit with {} and HTTP headers {"HTTP_REFERER"=>"http://www.example.com/users/1"}
REQUESTING PAGE: POST /users/1 with {"utf8"=>"✓", "_method"=>"put", "user"=>{"name"=>"New Name", "email"=>"new@example.com", "password"=>"foobar", "password_confirmation"=>"foobar"}, "commit"=>"Update"} and HTTP headers {"HTTP_REFERER"=>"/users/1/edit"}
REQUESTING PAGE: GET http://www.example.com/users/1 with {} and HTTP headers {"HTTP_REFERER"=>"/users/1"}
REQUESTING PAGE: GET /signin with {} and HTTP headers {}
REQUESTING PAGE: POST /sessions with {"utf8"=>"✓", "email"=>"person_45@example.com", "password"=>"foobar", "commit"=>"Sign in"} and HTTP headers {"HTTP_REFERER"=>"/signin"}
REQUESTING PAGE: GET http://www.example.com/users/1 with {} and HTTP headers {"HTTP_REFERER"=>"/sessions"}
REQUESTING PAGE: GET /users/1/edit with {} and HTTP headers {"HTTP_REFERER"=>"http://www.example.com/users/1"}
REQUESTING PAGE: POST /users/1 with {"utf8"=>"✓", "_method"=>"put", "user"=>{"name"=>"New Name", "email"=>"new@example.com", "password"=>"foobar", "password_confirmation"=>"foobar"}, "commit"=>"Update"} and HTTP headers {"HTTP_REFERER"=>"/users/1/edit"}
REQUESTING PAGE: GET http://www.example.com/users/1 with {} and HTTP headers {"HTTP_REFERER"=>"/users/1"}
REQUESTING PAGE: GET /signin with {} and HTTP headers {}
REQUESTING PAGE: POST /sessions with {"utf8"=>"✓", "email"=>"person_46@example.com", "password"=>"foobar", "commit"=>"Sign in"} and HTTP headers {"HTTP_REFERER"=>"/signin"}
REQUESTING PAGE: GET http://www.example.com/users/1 with {} and HTTP headers {"HTTP_REFERER"=>"/sessions"}
REQUESTING PAGE: GET /users with {} and HTTP headers {"HTTP_REFERER"=>"http://www.example.com/users/1"}
REQUESTING PAGE: GET /signin with {} and HTTP headers {}
REQUESTING PAGE: POST /sessions with {"utf8"=>"✓", "email"=>"person_47@example.com", "password"=>"foobar", "commit"=>"Sign in"} and HTTP headers {"HTTP_REFERER"=>"/signin"}
REQUESTING PAGE: GET http://www.example.com/users/1 with {} and HTTP headers {"HTTP_REFERER"=>"/sessions"}
REQUESTING PAGE: GET /users with {} and HTTP headers {"HTTP_REFERER"=>"http://www.example.com/users/1"}
REQUESTING PAGE: GET /signin with {} and HTTP headers {}
REQUESTING PAGE: POST /sessions with {"utf8"=>"✓", "email"=>"person_48@example.com", "password"=>"foobar", "commit"=>"Sign in"} and HTTP headers {"HTTP_REFERER"=>"/signin"}
REQUESTING PAGE: GET http://www.example.com/users/1 with {} and HTTP headers {"HTTP_REFERER"=>"/sessions"}
REQUESTING PAGE: GET /users/1 with {} and HTTP headers {"HTTP_REFERER"=>"http://www.example.com/users/1"}
REQUESTING PAGE: GET /signin with {} and HTTP headers {}
REQUESTING PAGE: POST /sessions with {"utf8"=>"✓", "email"=>"person_49@example.com", "password"=>"foobar", "commit"=>"Sign in"} and HTTP headers {"HTTP_REFERER"=>"/signin"}
REQUESTING PAGE: GET http://www.example.com/users/1 with {} and HTTP headers {"HTTP_REFERER"=>"/sessions"}
REQUESTING PAGE: GET /users/1 with {} and HTTP headers {"HTTP_REFERER"=>"http://www.example.com/users/1"}
REQUESTING PAGE: GET /signin with {} and HTTP headers {}
REQUESTING PAGE: POST /sessions with {"utf8"=>"✓", "email"=>"person_50@example.com", "password"=>"foobar", "commit"=>"Sign in"} and HTTP headers {"HTTP_REFERER"=>"/signin"}
REQUESTING PAGE: GET http://www.example.com/users/1 with {} and HTTP headers {"HTTP_REFERER"=>"/sessions"}
REQUESTING PAGE: GET /users/1 with {} and HTTP headers {"HTTP_REFERER"=>"http://www.example.com/users/1"}
REQUESTING PAGE: GET /signin with {} and HTTP headers {}
REQUESTING PAGE: POST /sessions with {"utf8"=>"✓", "email"=>"person_51@example.com", "password"=>"foobar", "commit"=>"Sign in"} and HTTP headers {"HTTP_REFERER"=>"/signin"}
REQUESTING PAGE: GET http://www.example.com/users/1 with {} and HTTP headers {"HTTP_REFERER"=>"/sessions"}
REQUESTING PAGE: GET /users/1 with {} and HTTP headers {"HTTP_REFERER"=>"http://www.example.com/users/1"}
REQUESTING PAGE: GET /signin with {} and HTTP headers {}
REQUESTING PAGE: POST /sessions with {"utf8"=>"✓", "email"=>"person_52@example.com", "password"=>"foobar", "commit"=>"Sign in"} and HTTP headers {"HTTP_REFERER"=>"/signin"}
REQUESTING PAGE: GET http://www.example.com/users/1 with {} and HTTP headers {"HTTP_REFERER"=>"/sessions"}
REQUESTING PAGE: GET /users/1 with {} and HTTP headers {"HTTP_REFERER"=>"http://www.example.com/users/1"}
REQUESTING PAGE: GET /signin with {} and HTTP headers {}
REQUESTING PAGE: GET /signin with {} and HTTP headers {}
REQUESTING PAGE: GET /signin with {} and HTTP headers {}
REQUESTING PAGE: POST /sessions with {"utf8"=>"✓", "email"=>"", "password"=>"", "commit"=>"Sign in"} and HTTP headers {"HTTP_REFERER"=>"/signin"}
REQUESTING PAGE: GET /signin with {} and HTTP headers {}
REQUESTING PAGE: POST /sessions with {"utf8"=>"✓", "email"=>"", "password"=>"", "commit"=>"Sign in"} and HTTP headers {"HTTP_REFERER"=>"/signin"}
REQUESTING PAGE: GET /signin with {} and HTTP headers {}
REQUESTING PAGE: POST /sessions with {"utf8"=>"✓", "email"=>"", "password"=>"", "commit"=>"Sign in"} and HTTP headers {"HTTP_REFERER"=>"/signin"}
REQUESTING PAGE: GET / with {} and HTTP headers {"HTTP_REFERER"=>"/sessions"}
REQUESTING PAGE: GET /users with {} and HTTP headers {}
REQUESTING PAGE: GET http://www.example.com/signin with {} and HTTP headers {"HTTP_REFERER"=>"/users"}
REQUESTING PAGE: GET /users/1/edit with {} and HTTP headers {}
REQUESTING PAGE: GET http://www.example.com/signin with {} and HTTP headers {"HTTP_REFERER"=>"/users/1/edit"}
REQUESTING PAGE: GET /users/1/edit with {} and HTTP headers {}
REQUESTING PAGE: GET http://www.example.com/signin with {} and HTTP headers {"HTTP_REFERER"=>"/users/1/edit"}
REQUESTING PAGE: POST /sessions with {"utf8"=>"✓", "email"=>"person_31@example.com", "password"=>"foobar", "commit"=>"Sign in"} and HTTP headers {"HTTP_REFERER"=>"http://www.example.com/signin"}
REQUESTING PAGE: GET http://www.example.com/users/1/edit with {} and HTTP headers {"HTTP_REFERER"=>"/sessions"}
REQUESTING PAGE: GET /signin with {} and HTTP headers {}
REQUESTING PAGE: POST /sessions with {"utf8"=>"✓", "email"=>"person_33@example.com", "password"=>"foobar", "commit"=>"Sign in"} and HTTP headers {"HTTP_REFERER"=>"/signin"}
REQUESTING PAGE: GET http://www.example.com/users/1 with {} and HTTP headers {"HTTP_REFERER"=>"/sessions"}
REQUESTING PAGE: GET /users/2/edit with {} and HTTP headers {"HTTP_REFERER"=>"http://www.example.com/users/1"}
REQUESTING PAGE: GET http://www.example.com/ with {} and HTTP headers {"HTTP_REFERER"=>"/users/2/edit"}
REQUESTING PAGE: GET /signin with {} and HTTP headers {}
REQUESTING PAGE: POST /sessions with {"utf8"=>"✓", "email"=>"person_34@example.com", "password"=>"foobar", "commit"=>"Sign in"} and HTTP headers {"HTTP_REFERER"=>"/signin"}
REQUESTING PAGE: GET http://www.example.com/users/1 with {} and HTTP headers {"HTTP_REFERER"=>"/sessions"}
REQUESTING PAGE: GET / with {} and HTTP headers {}
REQUESTING PAGE: GET /about with {} and HTTP headers {"HTTP_REFERER"=>"/"}
REQUESTING PAGE: GET /help with {} and HTTP headers {"HTTP_REFERER"=>"/about"}
REQUESTING PAGE: GET /contact with {} and HTTP headers {"HTTP_REFERER"=>"/help"}
REQUESTING PAGE: GET / with {} and HTTP headers {"HTTP_REFERER"=>"/contact"}
REQUESTING PAGE: GET /signin with {} and HTTP headers {"HTTP_REFERER"=>"/"}
REQUESTING PAGE: GET /signin with {} and HTTP headers {}
REQUESTING PAGE: POST /sessions with {"utf8"=>"✓", "email"=>"person_35@example.com", "password"=>"foobar", "commit"=>"Sign in"} and HTTP headers {"HTTP_REFERER"=>"/signin"}
REQUESTING PAGE: GET http://www.example.com/users/1 with {} and HTTP headers {"HTTP_REFERER"=>"/sessions"}
REQUESTING PAGE: GET / with {} and HTTP headers {"HTTP_REFERER"=>"http://www.example.com/users/1"}
REQUESTING PAGE: POST /microposts with {"utf8"=>"✓", "micropost"=>{"content"=>""}, "commit"=>"Submit"} and HTTP headers {"HTTP_REFERER"=>"/"}
REQUESTING PAGE: GET /signin with {} and HTTP headers {}
REQUESTING PAGE: POST /sessions with {"utf8"=>"✓", "email"=>"person_36@example.com", "password"=>"foobar", "commit"=>"Sign in"} and HTTP headers {"HTTP_REFERER"=>"/signin"}
REQUESTING PAGE: GET http://www.example.com/users/1 with {} and HTTP headers {"HTTP_REFERER"=>"/sessions"}
REQUESTING PAGE: GET / with {} and HTTP headers {"HTTP_REFERER"=>"http://www.example.com/users/1"}
REQUESTING PAGE: POST /microposts with {"utf8"=>"✓", "micropost"=>{"content"=>"Lorem ipsum"}, "commit"=>"Submit"} and HTTP headers {"HTTP_REFERER"=>"/"}
REQUESTING PAGE: GET http://www.example.com/ with {} and HTTP headers {"HTTP_REFERER"=>"/microposts"}
REQUESTING PAGE: GET /signin with {} and HTTP headers {}
REQUESTING PAGE: POST /sessions with {"utf8"=>"✓", "email"=>"person_37@example.com", "password"=>"foobar", "commit"=>"Sign in"} and HTTP headers {"HTTP_REFERER"=>"/signin"}
REQUESTING PAGE: GET http://www.example.com/users/1 with {} and HTTP headers {"HTTP_REFERER"=>"/sessions"}
REQUESTING PAGE: GET / with {} and HTTP headers {"HTTP_REFERER"=>"http://www.example.com/users/1"}
REQUESTING PAGE: GET /signup with {} and HTTP headers {}
REQUESTING PAGE: GET /signup with {} and HTTP headers {}
REQUESTING PAGE: GET /signup with {} and HTTP headers {}
REQUESTING PAGE: POST /users with {"utf8"=>"✓", "user"=>{"name"=>"", "email"=>"", "password"=>"", "password_confirmation"=>""}, "commit"=>"Sign up"} and HTTP headers {"HTTP_REFERER"=>"/signup"}
REQUESTING PAGE: GET /signup with {} and HTTP headers {}
REQUESTING PAGE: POST /users with {"utf8"=>"✓", "user"=>{"name"=>"Example User", "email"=>"user@example.com", "password"=>"foobar", "password_confirmation"=>"foobar"}, "commit"=>"Sign up"} and HTTP headers {"HTTP_REFERER"=>"/signup"}
REQUESTING PAGE: GET http://www.example.com/users/1 with {} and HTTP headers {"HTTP_REFERER"=>"/users"}
REQUESTING PAGE: GET /signin with {} and HTTP headers {}
REQUESTING PAGE: POST /sessions with {"utf8"=>"✓", "email"=>"person_38@example.com", "password"=>"foobar", "commit"=>"Sign in"} and HTTP headers {"HTTP_REFERER"=>"/signin"}
REQUESTING PAGE: GET http://www.example.com/users/1 with {} and HTTP headers {"HTTP_REFERER"=>"/sessions"}
REQUESTING PAGE: GET /users/1/edit with {} and HTTP headers {"HTTP_REFERER"=>"http://www.example.com/users/1"}
REQUESTING PAGE: GET /signin with {} and HTTP headers {}
REQUESTING PAGE: POST /sessions with {"utf8"=>"✓", "email"=>"person_39@example.com", "password"=>"foobar", "commit"=>"Sign in"} and HTTP headers {"HTTP_REFERER"=>"/signin"}
REQUESTING PAGE: GET http://www.example.com/users/1 with {} and HTTP headers {"HTTP_REFERER"=>"/sessions"}
REQUESTING PAGE: GET /users/1/edit with {} and HTTP headers {"HTTP_REFERER"=>"http://www.example.com/users/1"}
REQUESTING PAGE: GET /signin with {} and HTTP headers {}
REQUESTING PAGE: POST /sessions with {"utf8"=>"✓", "email"=>"person_40@example.com", "password"=>"foobar", "commit"=>"Sign in"} and HTTP headers {"HTTP_REFERER"=>"/signin"}
REQUESTING PAGE: GET http://www.example.com/users/1 with {} and HTTP headers {"HTTP_REFERER"=>"/sessions"}
REQUESTING PAGE: GET /users/1/edit with {} and HTTP headers {"HTTP_REFERER"=>"http://www.example.com/users/1"}
REQUESTING PAGE: POST /users/1 with {"utf8"=>"✓", "_method"=>"put", "user"=>{"name"=>"New Name", "email"=>"new@example.com", "password"=>"foobar", "password_confirmation"=>"foobar"}, "commit"=>"Update"} and HTTP headers {"HTTP_REFERER"=>"/users/1/edit"}
REQUESTING PAGE: GET http://www.example.com/users/1 with {} and HTTP headers {"HTTP_REFERER"=>"/users/1"}
REQUESTING PAGE: GET /signin with {} and HTTP headers {}
REQUESTING PAGE: POST /sessions with {"utf8"=>"✓", "email"=>"person_41@example.com", "password"=>"foobar", "commit"=>"Sign in"} and HTTP headers {"HTTP_REFERER"=>"/signin"}
REQUESTING PAGE: GET http://www.example.com/users/1 with {} and HTTP headers {"HTTP_REFERER"=>"/sessions"}
REQUESTING PAGE: GET /users/1/edit with {} and HTTP headers {"HTTP_REFERER"=>"http://www.example.com/users/1"}
REQUESTING PAGE: POST /users/1 with {"utf8"=>"✓", "_method"=>"put", "user"=>{"name"=>"New Name", "email"=>"new@example.com", "password"=>"foobar", "password_confirmation"=>"foobar"}, "commit"=>"Update"} and HTTP headers {"HTTP_REFERER"=>"/users/1/edit"}
REQUESTING PAGE: GET http://www.example.com/users/1 with {} and HTTP headers {"HTTP_REFERER"=>"/users/1"}
REQUESTING PAGE: GET /signin with {} and HTTP headers {}
REQUESTING PAGE: POST /sessions with {"utf8"=>"✓", "email"=>"person_42@example.com", "password"=>"foobar", "commit"=>"Sign in"} and HTTP headers {"HTTP_REFERER"=>"/signin"}
REQUESTING PAGE: GET http://www.example.com/users/1 with {} and HTTP headers {"HTTP_REFERER"=>"/sessions"}
REQUESTING PAGE: GET /users/1/edit with {} and HTTP headers {"HTTP_REFERER"=>"http://www.example.com/users/1"}
REQUESTING PAGE: POST /users/1 with {"utf8"=>"✓", "_method"=>"put", "user"=>{"name"=>"New Name", "email"=>"new@example.com", "password"=>"foobar", "password_confirmation"=>"foobar"}, "commit"=>"Update"} and HTTP headers {"HTTP_REFERER"=>"/users/1/edit"}
REQUESTING PAGE: GET http://www.example.com/users/1 with {} and HTTP headers {"HTTP_REFERER"=>"/users/1"}
REQUESTING PAGE: GET /signin with {} and HTTP headers {}
REQUESTING PAGE: POST /sessions with {"utf8"=>"✓", "email"=>"person_43@example.com", "password"=>"foobar", "commit"=>"Sign in"} and HTTP headers {"HTTP_REFERER"=>"/signin"}
REQUESTING PAGE: GET http://www.example.com/users/1 with {} and HTTP headers {"HTTP_REFERER"=>"/sessions"}
REQUESTING PAGE: GET /users/1/edit with {} and HTTP headers {"HTTP_REFERER"=>"http://www.example.com/users/1"}
REQUESTING PAGE: POST /users/1 with {"utf8"=>"✓", "_method"=>"put", "user"=>{"name"=>"New Name", "email"=>"new@example.com", "password"=>"foobar", "password_confirmation"=>"foobar"}, "commit"=>"Update"} and HTTP headers {"HTTP_REFERER"=>"/users/1/edit"}
REQUESTING PAGE: GET http://www.example.com/users/1 with {} and HTTP headers {"HTTP_REFERER"=>"/users/1"}
REQUESTING PAGE: GET /signin with {} and HTTP headers {}
REQUESTING PAGE: POST /sessions with {"utf8"=>"✓", "email"=>"person_44@example.com", "password"=>"foobar", "commit"=>"Sign in"} and HTTP headers {"HTTP_REFERER"=>"/signin"}
REQUESTING PAGE: GET http://www.example.com/users/1 with {} and HTTP headers {"HTTP_REFERER"=>"/sessions"}
REQUESTING PAGE: GET /users with {} and HTTP headers {"HTTP_REFERER"=>"http://www.example.com/users/1"}
REQUESTING PAGE: GET /signin with {} and HTTP headers {}
REQUESTING PAGE: POST /sessions with {"utf8"=>"✓", "email"=>"person_45@example.com", "password"=>"foobar", "commit"=>"Sign in"} and HTTP headers {"HTTP_REFERER"=>"/signin"}
REQUESTING PAGE: GET http://www.example.com/users/1 with {} and HTTP headers {"HTTP_REFERER"=>"/sessions"}
REQUESTING PAGE: GET /users with {} and HTTP headers {"HTTP_REFERER"=>"http://www.example.com/users/1"}
REQUESTING PAGE: GET /signin with {} and HTTP headers {}
REQUESTING PAGE: POST /sessions with {"utf8"=>"✓", "email"=>"person_46@example.com", "password"=>"foobar", "commit"=>"Sign in"} and HTTP headers {"HTTP_REFERER"=>"/signin"}
REQUESTING PAGE: GET http://www.example.com/users/1 with {} and HTTP headers {"HTTP_REFERER"=>"/sessions"}
REQUESTING PAGE: GET /users/1 with {} and HTTP headers {"HTTP_REFERER"=>"http://www.example.com/users/1"}
REQUESTING PAGE: GET /signin with {} and HTTP headers {}
REQUESTING PAGE: POST /sessions with {"utf8"=>"✓", "email"=>"person_47@example.com", "password"=>"foobar", "commit"=>"Sign in"} and HTTP headers {"HTTP_REFERER"=>"/signin"}
REQUESTING PAGE: GET http://www.example.com/users/1 with {} and HTTP headers {"HTTP_REFERER"=>"/sessions"}
REQUESTING PAGE: GET /users/1 with {} and HTTP headers {"HTTP_REFERER"=>"http://www.example.com/users/1"}
REQUESTING PAGE: GET /signin with {} and HTTP headers {}
REQUESTING PAGE: POST /sessions with {"utf8"=>"✓", "email"=>"person_48@example.com", "password"=>"foobar", "commit"=>"Sign in"} and HTTP headers {"HTTP_REFERER"=>"/signin"}
REQUESTING PAGE: GET http://www.example.com/users/1 with {} and HTTP headers {"HTTP_REFERER"=>"/sessions"}
REQUESTING PAGE: GET /users/1 with {} and HTTP headers {"HTTP_REFERER"=>"http://www.example.com/users/1"}
REQUESTING PAGE: GET /signin with {} and HTTP headers {}
REQUESTING PAGE: POST /sessions with {"utf8"=>"✓", "email"=>"person_49@example.com", "password"=>"foobar", "commit"=>"Sign in"} and HTTP headers {"HTTP_REFERER"=>"/signin"}
REQUESTING PAGE: GET http://www.example.com/users/1 with {} and HTTP headers {"HTTP_REFERER"=>"/sessions"}
REQUESTING PAGE: GET /users/1 with {} and HTTP headers {"HTTP_REFERER"=>"http://www.example.com/users/1"}
REQUESTING PAGE: GET /signin with {} and HTTP headers {}
REQUESTING PAGE: POST /sessions with {"utf8"=>"✓", "email"=>"person_50@example.com", "password"=>"foobar", "commit"=>"Sign in"} and HTTP headers {"HTTP_REFERER"=>"/signin"}
REQUESTING PAGE: GET http://www.example.com/users/1 with {} and HTTP headers {"HTTP_REFERER"=>"/sessions"}
REQUESTING PAGE: GET /users/1 with {} and HTTP headers {"HTTP_REFERER"=>"http://www.example.com/users/1"}
REQUESTING PAGE: GET /signin with {} and HTTP headers {}
REQUESTING PAGE: GET /signin with {} and HTTP headers {}
REQUESTING PAGE: GET /signin with {} and HTTP headers {}
REQUESTING PAGE: POST /sessions with {"utf8"=>"✓", "email"=>"", "password"=>"", "commit"=>"Sign in"} and HTTP headers {"HTTP_REFERER"=>"/signin"}
REQUESTING PAGE: GET /signin with {} and HTTP headers {}
REQUESTING PAGE: POST /sessions with {"utf8"=>"✓", "email"=>"", "password"=>"", "commit"=>"Sign in"} and HTTP headers {"HTTP_REFERER"=>"/signin"}
REQUESTING PAGE: GET /signin with {} and HTTP headers {}
REQUESTING PAGE: POST /sessions with {"utf8"=>"✓", "email"=>"", "password"=>"", "commit"=>"Sign in"} and HTTP headers {"HTTP_REFERER"=>"/signin"}
REQUESTING PAGE: GET / with {} and HTTP headers {"HTTP_REFERER"=>"/sessions"}
REQUESTING PAGE: GET /users with {} and HTTP headers {}
REQUESTING PAGE: GET http://www.example.com/signin with {} and HTTP headers {"HTTP_REFERER"=>"/users"}
REQUESTING PAGE: GET /users/1/edit with {} and HTTP headers {}
REQUESTING PAGE: GET http://www.example.com/signin with {} and HTTP headers {"HTTP_REFERER"=>"/users/1/edit"}
REQUESTING PAGE: GET /users/1/edit with {} and HTTP headers {}
REQUESTING PAGE: GET http://www.example.com/signin with {} and HTTP headers {"HTTP_REFERER"=>"/users/1/edit"}
REQUESTING PAGE: POST /sessions with {"utf8"=>"✓", "email"=>"person_31@example.com", "password"=>"foobar", "commit"=>"Sign in"} and HTTP headers {"HTTP_REFERER"=>"http://www.example.com/signin"}
REQUESTING PAGE: GET http://www.example.com/users/1/edit with {} and HTTP headers {"HTTP_REFERER"=>"/sessions"}
REQUESTING PAGE: GET /signin with {} and HTTP headers {}
REQUESTING PAGE: POST /sessions with {"utf8"=>"✓", "email"=>"person_33@example.com", "password"=>"foobar", "commit"=>"Sign in"} and HTTP headers {"HTTP_REFERER"=>"/signin"}
REQUESTING PAGE: GET http://www.example.com/users/1 with {} and HTTP headers {"HTTP_REFERER"=>"/sessions"}
REQUESTING PAGE: GET /users/2/edit with {} and HTTP headers {"HTTP_REFERER"=>"http://www.example.com/users/1"}
REQUESTING PAGE: GET http://www.example.com/ with {} and HTTP headers {"HTTP_REFERER"=>"/users/2/edit"}
REQUESTING PAGE: GET /signin with {} and HTTP headers {}
REQUESTING PAGE: POST /sessions with {"utf8"=>"✓", "email"=>"person_34@example.com", "password"=>"foobar", "commit"=>"Sign in"} and HTTP headers {"HTTP_REFERER"=>"/signin"}
REQUESTING PAGE: GET http://www.example.com/users/1 with {} and HTTP headers {"HTTP_REFERER"=>"/sessions"}
REQUESTING PAGE: GET / with {} and HTTP headers {}
REQUESTING PAGE: GET /about with {} and HTTP headers {"HTTP_REFERER"=>"/"}
REQUESTING PAGE: GET /help with {} and HTTP headers {"HTTP_REFERER"=>"/about"}
REQUESTING PAGE: GET /contact with {} and HTTP headers {"HTTP_REFERER"=>"/help"}
REQUESTING PAGE: GET / with {} and HTTP headers {"HTTP_REFERER"=>"/contact"}
REQUESTING PAGE: GET /signin with {} and HTTP headers {"HTTP_REFERER"=>"/"}
REQUESTING PAGE: GET /signin with {} and HTTP headers {}
REQUESTING PAGE: POST /sessions with {"utf8"=>"✓", "email"=>"person_35@example.com", "password"=>"foobar", "commit"=>"Sign in"} and HTTP headers {"HTTP_REFERER"=>"/signin"}
REQUESTING PAGE: GET http://www.example.com/users/1 with {} and HTTP headers {"HTTP_REFERER"=>"/sessions"}
REQUESTING PAGE: GET / with {} and HTTP headers {"HTTP_REFERER"=>"http://www.example.com/users/1"}
REQUESTING PAGE: POST /microposts with {"utf8"=>"✓", "micropost"=>{"content"=>""}, "commit"=>"Submit"} and HTTP headers {"HTTP_REFERER"=>"/"}
REQUESTING PAGE: GET /signin with {} and HTTP headers {}
REQUESTING PAGE: POST /sessions with {"utf8"=>"✓", "email"=>"person_36@example.com", "password"=>"foobar", "commit"=>"Sign in"} and HTTP headers {"HTTP_REFERER"=>"/signin"}
REQUESTING PAGE: GET http://www.example.com/users/1 with {} and HTTP headers {"HTTP_REFERER"=>"/sessions"}
REQUESTING PAGE: GET / with {} and HTTP headers {"HTTP_REFERER"=>"http://www.example.com/users/1"}
REQUESTING PAGE: POST /microposts with {"utf8"=>"✓", "micropost"=>{"content"=>"Lorem ipsum"}, "commit"=>"Submit"} and HTTP headers {"HTTP_REFERER"=>"/"}
REQUESTING PAGE: GET http://www.example.com/ with {} and HTTP headers {"HTTP_REFERER"=>"/microposts"}
REQUESTING PAGE: GET /signin with {} and HTTP headers {}
REQUESTING PAGE: POST /sessions with {"utf8"=>"✓", "email"=>"person_37@example.com", "password"=>"foobar", "commit"=>"Sign in"} and HTTP headers {"HTTP_REFERER"=>"/signin"}
REQUESTING PAGE: GET http://www.example.com/users/1 with {} and HTTP headers {"HTTP_REFERER"=>"/sessions"}
REQUESTING PAGE: GET / with {} and HTTP headers {"HTTP_REFERER"=>"http://www.example.com/users/1"}
REQUESTING PAGE: GET /signup with {} and HTTP headers {}
REQUESTING PAGE: GET /signup with {} and HTTP headers {}
REQUESTING PAGE: GET /signup with {} and HTTP headers {}
REQUESTING PAGE: POST /users with {"utf8"=>"✓", "user"=>{"name"=>"", "email"=>"", "password"=>"", "password_confirmation"=>""}, "commit"=>"Sign up"} and HTTP headers {"HTTP_REFERER"=>"/signup"}
REQUESTING PAGE: GET /signup with {} and HTTP headers {}
REQUESTING PAGE: POST /users with {"utf8"=>"✓", "user"=>{"name"=>"Example User", "email"=>"user@example.com", "password"=>"foobar", "password_confirmation"=>"foobar"}, "commit"=>"Sign up"} and HTTP headers {"HTTP_REFERER"=>"/signup"}
REQUESTING PAGE: GET http://www.example.com/users/1 with {} and HTTP headers {"HTTP_REFERER"=>"/users"}
REQUESTING PAGE: GET /signin with {} and HTTP headers {}
REQUESTING PAGE: POST /sessions with {"utf8"=>"✓", "email"=>"person_38@example.com", "password"=>"foobar", "commit"=>"Sign in"} and HTTP headers {"HTTP_REFERER"=>"/signin"}
REQUESTING PAGE: GET http://www.example.com/users/1 with {} and HTTP headers {"HTTP_REFERER"=>"/sessions"}
REQUESTING PAGE: GET /users/1/edit with {} and HTTP headers {"HTTP_REFERER"=>"http://www.example.com/users/1"}
REQUESTING PAGE: GET /signin with {} and HTTP headers {}
REQUESTING PAGE: POST /sessions with {"utf8"=>"✓", "email"=>"person_39@example.com", "password"=>"foobar", "commit"=>"Sign in"} and HTTP headers {"HTTP_REFERER"=>"/signin"}
REQUESTING PAGE: GET http://www.example.com/users/1 with {} and HTTP headers {"HTTP_REFERER"=>"/sessions"}
REQUESTING PAGE: GET /users/1/edit with {} and HTTP headers {"HTTP_REFERER"=>"http://www.example.com/users/1"}
REQUESTING PAGE: GET /signin with {} and HTTP headers {}
REQUESTING PAGE: POST /sessions with {"utf8"=>"✓", "email"=>"person_40@example.com", "password"=>"foobar", "commit"=>"Sign in"} and HTTP headers {"HTTP_REFERER"=>"/signin"}
REQUESTING PAGE: GET http://www.example.com/users/1 with {} and HTTP headers {"HTTP_REFERER"=>"/sessions"}
REQUESTING PAGE: GET /users/1/edit with {} and HTTP headers {"HTTP_REFERER"=>"http://www.example.com/users/1"}
REQUESTING PAGE: POST /users/1 with {"utf8"=>"✓", "_method"=>"put", "user"=>{"name"=>"New Name", "email"=>"new@example.com", "password"=>"foobar", "password_confirmation"=>"foobar"}, "commit"=>"Update"} and HTTP headers {"HTTP_REFERER"=>"/users/1/edit"}
REQUESTING PAGE: GET http://www.example.com/users/1 with {} and HTTP headers {"HTTP_REFERER"=>"/users/1"}
REQUESTING PAGE: GET /signin with {} and HTTP headers {}
REQUESTING PAGE: POST /sessions with {"utf8"=>"✓", "email"=>"person_41@example.com", "password"=>"foobar", "commit"=>"Sign in"} and HTTP headers {"HTTP_REFERER"=>"/signin"}
REQUESTING PAGE: GET http://www.example.com/users/1 with {} and HTTP headers {"HTTP_REFERER"=>"/sessions"}
REQUESTING PAGE: GET /users/1/edit with {} and HTTP headers {"HTTP_REFERER"=>"http://www.example.com/users/1"}
REQUESTING PAGE: POST /users/1 with {"utf8"=>"✓", "_method"=>"put", "user"=>{"name"=>"New Name", "email"=>"new@example.com", "password"=>"foobar", "password_confirmation"=>"foobar"}, "commit"=>"Update"} and HTTP headers {"HTTP_REFERER"=>"/users/1/edit"}
REQUESTING PAGE: GET http://www.example.com/users/1 with {} and HTTP headers {"HTTP_REFERER"=>"/users/1"}
REQUESTING PAGE: GET /signin with {} and HTTP headers {}
REQUESTING PAGE: POST /sessions with {"utf8"=>"✓", "email"=>"person_42@example.com", "password"=>"foobar", "commit"=>"Sign in"} and HTTP headers {"HTTP_REFERER"=>"/signin"}
REQUESTING PAGE: GET http://www.example.com/users/1 with {} and HTTP headers {"HTTP_REFERER"=>"/sessions"}
REQUESTING PAGE: GET /users/1/edit with {} and HTTP headers {"HTTP_REFERER"=>"http://www.example.com/users/1"}
REQUESTING PAGE: POST /users/1 with {"utf8"=>"✓", "_method"=>"put", "user"=>{"name"=>"New Name", "email"=>"new@example.com", "password"=>"foobar", "password_confirmation"=>"foobar"}, "commit"=>"Update"} and HTTP headers {"HTTP_REFERER"=>"/users/1/edit"}
REQUESTING PAGE: GET http://www.example.com/users/1 with {} and HTTP headers {"HTTP_REFERER"=>"/users/1"}
REQUESTING PAGE: GET /signin with {} and HTTP headers {}
REQUESTING PAGE: POST /sessions with {"utf8"=>"✓", "email"=>"person_43@example.com", "password"=>"foobar", "commit"=>"Sign in"} and HTTP headers {"HTTP_REFERER"=>"/signin"}
REQUESTING PAGE: GET http://www.example.com/users/1 with {} and HTTP headers {"HTTP_REFERER"=>"/sessions"}
REQUESTING PAGE: GET /users/1/edit with {} and HTTP headers {"HTTP_REFERER"=>"http://www.example.com/users/1"}
REQUESTING PAGE: POST /users/1 with {"utf8"=>"✓", "_method"=>"put", "user"=>{"name"=>"New Name", "email"=>"new@example.com", "password"=>"foobar", "password_confirmation"=>"foobar"}, "commit"=>"Update"} and HTTP headers {"HTTP_REFERER"=>"/users/1/edit"}
REQUESTING PAGE: GET http://www.example.com/users/1 with {} and HTTP headers {"HTTP_REFERER"=>"/users/1"}
REQUESTING PAGE: GET /signin with {} and HTTP headers {}
REQUESTING PAGE: POST /sessions with {"utf8"=>"✓", "email"=>"person_44@example.com", "password"=>"foobar", "commit"=>"Sign in"} and HTTP headers {"HTTP_REFERER"=>"/signin"}
REQUESTING PAGE: GET http://www.example.com/users/1 with {} and HTTP headers {"HTTP_REFERER"=>"/sessions"}
REQUESTING PAGE: GET /users with {} and HTTP headers {"HTTP_REFERER"=>"http://www.example.com/users/1"}
REQUESTING PAGE: GET /signin with {} and HTTP headers {}
REQUESTING PAGE: POST /sessions with {"utf8"=>"✓", "email"=>"person_45@example.com", "password"=>"foobar", "commit"=>"Sign in"} and HTTP headers {"HTTP_REFERER"=>"/signin"}
REQUESTING PAGE: GET http://www.example.com/users/1 with {} and HTTP headers {"HTTP_REFERER"=>"/sessions"}
REQUESTING PAGE: GET /users with {} and HTTP headers {"HTTP_REFERER"=>"http://www.example.com/users/1"}
REQUESTING PAGE: GET /signin with {} and HTTP headers {}
REQUESTING PAGE: POST /sessions with {"utf8"=>"✓", "email"=>"person_46@example.com", "password"=>"foobar", "commit"=>"Sign in"} and HTTP headers {"HTTP_REFERER"=>"/signin"}
REQUESTING PAGE: GET http://www.example.com/users/1 with {} and HTTP headers {"HTTP_REFERER"=>"/sessions"}
REQUESTING PAGE: GET /users/1 with {} and HTTP headers {"HTTP_REFERER"=>"http://www.example.com/users/1"}
REQUESTING PAGE: GET /signin with {} and HTTP headers {}
REQUESTING PAGE: POST /sessions with {"utf8"=>"✓", "email"=>"person_47@example.com", "password"=>"foobar", "commit"=>"Sign in"} and HTTP headers {"HTTP_REFERER"=>"/signin"}
REQUESTING PAGE: GET http://www.example.com/users/1 with {} and HTTP headers {"HTTP_REFERER"=>"/sessions"}
REQUESTING PAGE: GET /users/1 with {} and HTTP headers {"HTTP_REFERER"=>"http://www.example.com/users/1"}
REQUESTING PAGE: GET /signin with {} and HTTP headers {}
REQUESTING PAGE: POST /sessions with {"utf8"=>"✓", "email"=>"person_48@example.com", "password"=>"foobar", "commit"=>"Sign in"} and HTTP headers {"HTTP_REFERER"=>"/signin"}
REQUESTING PAGE: GET http://www.example.com/users/1 with {} and HTTP headers {"HTTP_REFERER"=>"/sessions"}
REQUESTING PAGE: GET /users/1 with {} and HTTP headers {"HTTP_REFERER"=>"http://www.example.com/users/1"}
REQUESTING PAGE: GET /signin with {} and HTTP headers {}
REQUESTING PAGE: POST /sessions with {"utf8"=>"✓", "email"=>"person_49@example.com", "password"=>"foobar", "commit"=>"Sign in"} and HTTP headers {"HTTP_REFERER"=>"/signin"}
REQUESTING PAGE: GET http://www.example.com/users/1 with {} and HTTP headers {"HTTP_REFERER"=>"/sessions"}
REQUESTING PAGE: GET /users/1 with {} and HTTP headers {"HTTP_REFERER"=>"http://www.example.com/users/1"}
REQUESTING PAGE: GET /signin with {} and HTTP headers {}
REQUESTING PAGE: POST /sessions with {"utf8"=>"✓", "email"=>"person_50@example.com", "password"=>"foobar", "commit"=>"Sign in"} and HTTP headers {"HTTP_REFERER"=>"/signin"}
REQUESTING PAGE: GET http://www.example.com/users/1 with {} and HTTP headers {"HTTP_REFERER"=>"/sessions"}
REQUESTING PAGE: GET /users/1 with {} and HTTP headers {"HTTP_REFERER"=>"http://www.example.com/users/1"}
REQUESTING PAGE: GET /signin with {} and HTTP headers {}
REQUESTING PAGE: GET /signin with {} and HTTP headers {}
REQUESTING PAGE: GET /signin with {} and HTTP headers {}
REQUESTING PAGE: POST /sessions with {"utf8"=>"✓", "email"=>"", "password"=>"", "commit"=>"Sign in"} and HTTP headers {"HTTP_REFERER"=>"/signin"}
REQUESTING PAGE: GET /signin with {} and HTTP headers {}
REQUESTING PAGE: POST /sessions with {"utf8"=>"✓", "email"=>"", "password"=>"", "commit"=>"Sign in"} and HTTP headers {"HTTP_REFERER"=>"/signin"}
REQUESTING PAGE: GET /signin with {} and HTTP headers {}
REQUESTING PAGE: POST /sessions with {"utf8"=>"✓", "email"=>"", "password"=>"", "commit"=>"Sign in"} and HTTP headers {"HTTP_REFERER"=>"/signin"}
REQUESTING PAGE: GET / with {} and HTTP headers {"HTTP_REFERER"=>"/sessions"}
REQUESTING PAGE: GET /users with {} and HTTP headers {}
REQUESTING PAGE: GET http://www.example.com/signin with {} and HTTP headers {"HTTP_REFERER"=>"/users"}
REQUESTING PAGE: GET /users/1/edit with {} and HTTP headers {}
REQUESTING PAGE: GET http://www.example.com/signin with {} and HTTP headers {"HTTP_REFERER"=>"/users/1/edit"}
REQUESTING PAGE: GET /users/1/edit with {} and HTTP headers {}
REQUESTING PAGE: GET http://www.example.com/signin with {} and HTTP headers {"HTTP_REFERER"=>"/users/1/edit"}
REQUESTING PAGE: POST /sessions with {"utf8"=>"✓", "email"=>"person_31@example.com", "password"=>"foobar", "commit"=>"Sign in"} and HTTP headers {"HTTP_REFERER"=>"http://www.example.com/signin"}
REQUESTING PAGE: GET http://www.example.com/users/1/edit with {} and HTTP headers {"HTTP_REFERER"=>"/sessions"}
REQUESTING PAGE: GET /signin with {} and HTTP headers {}
REQUESTING PAGE: POST /sessions with {"utf8"=>"✓", "email"=>"person_33@example.com", "password"=>"foobar", "commit"=>"Sign in"} and HTTP headers {"HTTP_REFERER"=>"/signin"}
REQUESTING PAGE: GET http://www.example.com/users/1 with {} and HTTP headers {"HTTP_REFERER"=>"/sessions"}
REQUESTING PAGE: GET /users/2/edit with {} and HTTP headers {"HTTP_REFERER"=>"http://www.example.com/users/1"}
REQUESTING PAGE: GET http://www.example.com/ with {} and HTTP headers {"HTTP_REFERER"=>"/users/2/edit"}
REQUESTING PAGE: GET /signin with {} and HTTP headers {}
REQUESTING PAGE: POST /sessions with {"utf8"=>"✓", "email"=>"person_34@example.com", "password"=>"foobar", "commit"=>"Sign in"} and HTTP headers {"HTTP_REFERER"=>"/signin"}
REQUESTING PAGE: GET http://www.example.com/users/1 with {} and HTTP headers {"HTTP_REFERER"=>"/sessions"}
REQUESTING PAGE: GET / with {} and HTTP headers {}
REQUESTING PAGE: GET /about with {} and HTTP headers {"HTTP_REFERER"=>"/"}
REQUESTING PAGE: GET /help with {} and HTTP headers {"HTTP_REFERER"=>"/about"}
REQUESTING PAGE: GET /contact with {} and HTTP headers {"HTTP_REFERER"=>"/help"}
REQUESTING PAGE: GET / with {} and HTTP headers {"HTTP_REFERER"=>"/contact"}
REQUESTING PAGE: GET /signin with {} and HTTP headers {"HTTP_REFERER"=>"/"}
REQUESTING PAGE: GET /signin with {} and HTTP headers {}
REQUESTING PAGE: POST /sessions with {"utf8"=>"✓", "email"=>"person_35@example.com", "password"=>"foobar", "commit"=>"Sign in"} and HTTP headers {"HTTP_REFERER"=>"/signin"}
REQUESTING PAGE: GET http://www.example.com/users/1 with {} and HTTP headers {"HTTP_REFERER"=>"/sessions"}
REQUESTING PAGE: GET / with {} and HTTP headers {"HTTP_REFERER"=>"http://www.example.com/users/1"}
REQUESTING PAGE: POST /microposts with {"utf8"=>"✓", "micropost"=>{"content"=>""}, "commit"=>"Submit"} and HTTP headers {"HTTP_REFERER"=>"/"}
REQUESTING PAGE: GET /signin with {} and HTTP headers {}
REQUESTING PAGE: POST /sessions with {"utf8"=>"✓", "email"=>"person_36@example.com", "password"=>"foobar", "commit"=>"Sign in"} and HTTP headers {"HTTP_REFERER"=>"/signin"}
REQUESTING PAGE: GET http://www.example.com/users/1 with {} and HTTP headers {"HTTP_REFERER"=>"/sessions"}
REQUESTING PAGE: GET / with {} and HTTP headers {"HTTP_REFERER"=>"http://www.example.com/users/1"}
REQUESTING PAGE: POST /microposts with {"utf8"=>"✓", "micropost"=>{"content"=>"Lorem ipsum"}, "commit"=>"Submit"} and HTTP headers {"HTTP_REFERER"=>"/"}
REQUESTING PAGE: GET http://www.example.com/ with {} and HTTP headers {"HTTP_REFERER"=>"/microposts"}
REQUESTING PAGE: GET /signin with {} and HTTP headers {}
REQUESTING PAGE: POST /sessions with {"utf8"=>"✓", "email"=>"person_37@example.com", "password"=>"foobar", "commit"=>"Sign in"} and HTTP headers {"HTTP_REFERER"=>"/signin"}
REQUESTING PAGE: GET http://www.example.com/users/1 with {} and HTTP headers {"HTTP_REFERER"=>"/sessions"}
REQUESTING PAGE: GET / with {} and HTTP headers {"HTTP_REFERER"=>"http://www.example.com/users/1"}
REQUESTING PAGE: GET /signup with {} and HTTP headers {}
REQUESTING PAGE: GET /signup with {} and HTTP headers {}
REQUESTING PAGE: GET /signup with {} and HTTP headers {}
REQUESTING PAGE: POST /users with {"utf8"=>"✓", "user"=>{"name"=>"", "email"=>"", "password"=>"", "password_confirmation"=>""}, "commit"=>"Sign up"} and HTTP headers {"HTTP_REFERER"=>"/signup"}
REQUESTING PAGE: GET /signup with {} and HTTP headers {}
REQUESTING PAGE: POST /users with {"utf8"=>"✓", "user"=>{"name"=>"Example User", "email"=>"user@example.com", "password"=>"foobar", "password_confirmation"=>"foobar"}, "commit"=>"Sign up"} and HTTP headers {"HTTP_REFERER"=>"/signup"}
REQUESTING PAGE: GET http://www.example.com/users/1 with {} and HTTP headers {"HTTP_REFERER"=>"/users"}
REQUESTING PAGE: GET /signin with {} and HTTP headers {}
REQUESTING PAGE: POST /sessions with {"utf8"=>"✓", "email"=>"person_38@example.com", "password"=>"foobar", "commit"=>"Sign in"} and HTTP headers {"HTTP_REFERER"=>"/signin"}
REQUESTING PAGE: GET http://www.example.com/users/1 with {} and HTTP headers {"HTTP_REFERER"=>"/sessions"}
REQUESTING PAGE: GET /users/1/edit with {} and HTTP headers {"HTTP_REFERER"=>"http://www.example.com/users/1"}
REQUESTING PAGE: GET /signin with {} and HTTP headers {}
REQUESTING PAGE: POST /sessions with {"utf8"=>"✓", "email"=>"person_39@example.com", "password"=>"foobar", "commit"=>"Sign in"} and HTTP headers {"HTTP_REFERER"=>"/signin"}
REQUESTING PAGE: GET http://www.example.com/users/1 with {} and HTTP headers {"HTTP_REFERER"=>"/sessions"}
REQUESTING PAGE: GET /users/1/edit with {} and HTTP headers {"HTTP_REFERER"=>"http://www.example.com/users/1"}
REQUESTING PAGE: GET /signin with {} and HTTP headers {}
REQUESTING PAGE: POST /sessions with {"utf8"=>"✓", "email"=>"person_40@example.com", "password"=>"foobar", "commit"=>"Sign in"} and HTTP headers {"HTTP_REFERER"=>"/signin"}
REQUESTING PAGE: GET http://www.example.com/users/1 with {} and HTTP headers {"HTTP_REFERER"=>"/sessions"}
REQUESTING PAGE: GET /users/1/edit with {} and HTTP headers {"HTTP_REFERER"=>"http://www.example.com/users/1"}
REQUESTING PAGE: POST /users/1 with {"utf8"=>"✓", "_method"=>"put", "user"=>{"name"=>"New Name", "email"=>"new@example.com", "password"=>"foobar", "password_confirmation"=>"foobar"}, "commit"=>"Update"} and HTTP headers {"HTTP_REFERER"=>"/users/1/edit"}
REQUESTING PAGE: GET http://www.example.com/users/1 with {} and HTTP headers {"HTTP_REFERER"=>"/users/1"}
REQUESTING PAGE: GET /signin with {} and HTTP headers {}
REQUESTING PAGE: POST /sessions with {"utf8"=>"✓", "email"=>"person_41@example.com", "password"=>"foobar", "commit"=>"Sign in"} and HTTP headers {"HTTP_REFERER"=>"/signin"}
REQUESTING PAGE: GET http://www.example.com/users/1 with {} and HTTP headers {"HTTP_REFERER"=>"/sessions"}
REQUESTING PAGE: GET /users/1/edit with {} and HTTP headers {"HTTP_REFERER"=>"http://www.example.com/users/1"}
REQUESTING PAGE: POST /users/1 with {"utf8"=>"✓", "_method"=>"put", "user"=>{"name"=>"New Name", "email"=>"new@example.com", "password"=>"foobar", "password_confirmation"=>"foobar"}, "commit"=>"Update"} and HTTP headers {"HTTP_REFERER"=>"/users/1/edit"}
REQUESTING PAGE: GET http://www.example.com/users/1 with {} and HTTP headers {"HTTP_REFERER"=>"/users/1"}
REQUESTING PAGE: GET /signin with {} and HTTP headers {}
REQUESTING PAGE: POST /sessions with {"utf8"=>"✓", "email"=>"person_42@example.com", "password"=>"foobar", "commit"=>"Sign in"} and HTTP headers {"HTTP_REFERER"=>"/signin"}
REQUESTING PAGE: GET http://www.example.com/users/1 with {} and HTTP headers {"HTTP_REFERER"=>"/sessions"}
REQUESTING PAGE: GET /users/1/edit with {} and HTTP headers {"HTTP_REFERER"=>"http://www.example.com/users/1"}
REQUESTING PAGE: POST /users/1 with {"utf8"=>"✓", "_method"=>"put", "user"=>{"name"=>"New Name", "email"=>"new@example.com", "password"=>"foobar", "password_confirmation"=>"foobar"}, "commit"=>"Update"} and HTTP headers {"HTTP_REFERER"=>"/users/1/edit"}
REQUESTING PAGE: GET http://www.example.com/users/1 with {} and HTTP headers {"HTTP_REFERER"=>"/users/1"}
REQUESTING PAGE: GET /signin with {} and HTTP headers {}
REQUESTING PAGE: POST /sessions with {"utf8"=>"✓", "email"=>"person_43@example.com", "password"=>"foobar", "commit"=>"Sign in"} and HTTP headers {"HTTP_REFERER"=>"/signin"}
REQUESTING PAGE: GET http://www.example.com/users/1 with {} and HTTP headers {"HTTP_REFERER"=>"/sessions"}
REQUESTING PAGE: GET /users/1/edit with {} and HTTP headers {"HTTP_REFERER"=>"http://www.example.com/users/1"}
REQUESTING PAGE: POST /users/1 with {"utf8"=>"✓", "_method"=>"put", "user"=>{"name"=>"New Name", "email"=>"new@example.com", "password"=>"foobar", "password_confirmation"=>"foobar"}, "commit"=>"Update"} and HTTP headers {"HTTP_REFERER"=>"/users/1/edit"}
REQUESTING PAGE: GET http://www.example.com/users/1 with {} and HTTP headers {"HTTP_REFERER"=>"/users/1"}
REQUESTING PAGE: GET /signin with {} and HTTP headers {}
REQUESTING PAGE: POST /sessions with {"utf8"=>"✓", "email"=>"person_44@example.com", "password"=>"foobar", "commit"=>"Sign in"} and HTTP headers {"HTTP_REFERER"=>"/signin"}
REQUESTING PAGE: GET http://www.example.com/users/1 with {} and HTTP headers {"HTTP_REFERER"=>"/sessions"}
REQUESTING PAGE: GET /users with {} and HTTP headers {"HTTP_REFERER"=>"http://www.example.com/users/1"}
REQUESTING PAGE: GET /signin with {} and HTTP headers {}
REQUESTING PAGE: POST /sessions with {"utf8"=>"✓", "email"=>"person_45@example.com", "password"=>"foobar", "commit"=>"Sign in"} and HTTP headers {"HTTP_REFERER"=>"/signin"}
REQUESTING PAGE: GET http://www.example.com/users/1 with {} and HTTP headers {"HTTP_REFERER"=>"/sessions"}
REQUESTING PAGE: GET /users with {} and HTTP headers {"HTTP_REFERER"=>"http://www.example.com/users/1"}
REQUESTING PAGE: GET /signin with {} and HTTP headers {}
REQUESTING PAGE: POST /sessions with {"utf8"=>"✓", "email"=>"person_46@example.com", "password"=>"foobar", "commit"=>"Sign in"} and HTTP headers {"HTTP_REFERER"=>"/signin"}
REQUESTING PAGE: GET http://www.example.com/users/1 with {} and HTTP headers {"HTTP_REFERER"=>"/sessions"}
REQUESTING PAGE: GET /users/1 with {} and HTTP headers {"HTTP_REFERER"=>"http://www.example.com/users/1"}
REQUESTING PAGE: GET /signin with {} and HTTP headers {}
REQUESTING PAGE: POST /sessions with {"utf8"=>"✓", "email"=>"person_47@example.com", "password"=>"foobar", "commit"=>"Sign in"} and HTTP headers {"HTTP_REFERER"=>"/signin"}
REQUESTING PAGE: GET http://www.example.com/users/1 with {} and HTTP headers {"HTTP_REFERER"=>"/sessions"}
REQUESTING PAGE: GET /users/1 with {} and HTTP headers {"HTTP_REFERER"=>"http://www.example.com/users/1"}
REQUESTING PAGE: GET /signin with {} and HTTP headers {}
REQUESTING PAGE: GET /signin with {} and HTTP headers {}
REQUESTING PAGE: GET /signin with {} and HTTP headers {}
REQUESTING PAGE: POST /sessions with {"utf8"=>"✓", "email"=>"", "password"=>"", "commit"=>"Sign in"} and HTTP headers {"HTTP_REFERER"=>"/signin"}
REQUESTING PAGE: GET /signin with {} and HTTP headers {}
REQUESTING PAGE: POST /sessions with {"utf8"=>"✓", "email"=>"", "password"=>"", "commit"=>"Sign in"} and HTTP headers {"HTTP_REFERER"=>"/signin"}
REQUESTING PAGE: GET /signin with {} and HTTP headers {}
REQUESTING PAGE: POST /sessions with {"utf8"=>"✓", "email"=>"", "password"=>"", "commit"=>"Sign in"} and HTTP headers {"HTTP_REFERER"=>"/signin"}
REQUESTING PAGE: GET / with {} and HTTP headers {"HTTP_REFERER"=>"/sessions"}
REQUESTING PAGE: GET /users with {} and HTTP headers {}
REQUESTING PAGE: GET http://www.example.com/signin with {} and HTTP headers {"HTTP_REFERER"=>"/users"}
REQUESTING PAGE: GET /users/1/edit with {} and HTTP headers {}
REQUESTING PAGE: GET http://www.example.com/signin with {} and HTTP headers {"HTTP_REFERER"=>"/users/1/edit"}
REQUESTING PAGE: GET /users/1/edit with {} and HTTP headers {}
REQUESTING PAGE: GET http://www.example.com/signin with {} and HTTP headers {"HTTP_REFERER"=>"/users/1/edit"}
REQUESTING PAGE: POST /sessions with {"utf8"=>"✓", "email"=>"person_31@example.com", "password"=>"foobar", "commit"=>"Sign in"} and HTTP headers {"HTTP_REFERER"=>"http://www.example.com/signin"}
REQUESTING PAGE: GET http://www.example.com/users/1/edit with {} and HTTP headers {"HTTP_REFERER"=>"/sessions"}
REQUESTING PAGE: GET /signin with {} and HTTP headers {}
REQUESTING PAGE: POST /sessions with {"utf8"=>"✓", "email"=>"person_33@example.com", "password"=>"foobar", "commit"=>"Sign in"} and HTTP headers {"HTTP_REFERER"=>"/signin"}
REQUESTING PAGE: GET http://www.example.com/users/1 with {} and HTTP headers {"HTTP_REFERER"=>"/sessions"}
REQUESTING PAGE: GET /users/2/edit with {} and HTTP headers {"HTTP_REFERER"=>"http://www.example.com/users/1"}
REQUESTING PAGE: GET http://www.example.com/ with {} and HTTP headers {"HTTP_REFERER"=>"/users/2/edit"}
REQUESTING PAGE: GET /signin with {} and HTTP headers {}
REQUESTING PAGE: POST /sessions with {"utf8"=>"✓", "email"=>"person_34@example.com", "password"=>"foobar", "commit"=>"Sign in"} and HTTP headers {"HTTP_REFERER"=>"/signin"}
REQUESTING PAGE: GET http://www.example.com/users/1 with {} and HTTP headers {"HTTP_REFERER"=>"/sessions"}
REQUESTING PAGE: GET / with {} and HTTP headers {}
REQUESTING PAGE: GET /about with {} and HTTP headers {"HTTP_REFERER"=>"/"}
REQUESTING PAGE: GET /help with {} and HTTP headers {"HTTP_REFERER"=>"/about"}
REQUESTING PAGE: GET /contact with {} and HTTP headers {"HTTP_REFERER"=>"/help"}
REQUESTING PAGE: GET / with {} and HTTP headers {"HTTP_REFERER"=>"/contact"}
REQUESTING PAGE: GET /signin with {} and HTTP headers {"HTTP_REFERER"=>"/"}
REQUESTING PAGE: GET /signin with {} and HTTP headers {}
REQUESTING PAGE: POST /sessions with {"utf8"=>"✓", "email"=>"person_35@example.com", "password"=>"foobar", "commit"=>"Sign in"} and HTTP headers {"HTTP_REFERER"=>"/signin"}
REQUESTING PAGE: GET http://www.example.com/users/1 with {} and HTTP headers {"HTTP_REFERER"=>"/sessions"}
REQUESTING PAGE: GET / with {} and HTTP headers {"HTTP_REFERER"=>"http://www.example.com/users/1"}
REQUESTING PAGE: POST /microposts with {"utf8"=>"✓", "micropost"=>{"content"=>""}, "commit"=>"Submit"} and HTTP headers {"HTTP_REFERER"=>"/"}
REQUESTING PAGE: GET /signin with {} and HTTP headers {}
REQUESTING PAGE: POST /sessions with {"utf8"=>"✓", "email"=>"person_36@example.com", "password"=>"foobar", "commit"=>"Sign in"} and HTTP headers {"HTTP_REFERER"=>"/signin"}
REQUESTING PAGE: GET http://www.example.com/users/1 with {} and HTTP headers {"HTTP_REFERER"=>"/sessions"}
REQUESTING PAGE: GET / with {} and HTTP headers {"HTTP_REFERER"=>"http://www.example.com/users/1"}
REQUESTING PAGE: POST /microposts with {"utf8"=>"✓", "micropost"=>{"content"=>"Lorem ipsum"}, "commit"=>"Submit"} and HTTP headers {"HTTP_REFERER"=>"/"}
REQUESTING PAGE: GET http://www.example.com/ with {} and HTTP headers {"HTTP_REFERER"=>"/microposts"}
REQUESTING PAGE: GET /signin with {} and HTTP headers {}
REQUESTING PAGE: POST /sessions with {"utf8"=>"✓", "email"=>"person_37@example.com", "password"=>"foobar", "commit"=>"Sign in"} and HTTP headers {"HTTP_REFERER"=>"/signin"}
REQUESTING PAGE: GET http://www.example.com/users/1 with {} and HTTP headers {"HTTP_REFERER"=>"/sessions"}
REQUESTING PAGE: GET / with {} and HTTP headers {"HTTP_REFERER"=>"http://www.example.com/users/1"}
REQUESTING PAGE: GET /signin with {} and HTTP headers {}
REQUESTING PAGE: POST /sessions with {"utf8"=>"✓", "email"=>"person_38@example.com", "password"=>"foobar", "commit"=>"Sign in"} and HTTP headers {"HTTP_REFERER"=>"/signin"}
REQUESTING PAGE: GET http://www.example.com/users/1 with {} and HTTP headers {"HTTP_REFERER"=>"/sessions"}
REQUESTING PAGE: GET / with {} and HTTP headers {"HTTP_REFERER"=>"http://www.example.com/users/1"}
REQUESTING PAGE: GET /signin with {} and HTTP headers {}
REQUESTING PAGE: POST /sessions with {"utf8"=>"✓", "email"=>"person_40@example.com", "password"=>"foobar", "commit"=>"Sign in"} and HTTP headers {"HTTP_REFERER"=>"/signin"}
REQUESTING PAGE: GET http://www.example.com/users/1 with {} and HTTP headers {"HTTP_REFERER"=>"/sessions"}
REQUESTING PAGE: GET / with {} and HTTP headers {"HTTP_REFERER"=>"http://www.example.com/users/1"}
REQUESTING PAGE: GET /signup with {} and HTTP headers {}
REQUESTING PAGE: GET /signup with {} and HTTP headers {}
REQUESTING PAGE: GET /signup with {} and HTTP headers {}
REQUESTING PAGE: POST /users with {"utf8"=>"✓", "user"=>{"name"=>"", "email"=>"", "password"=>"", "password_confirmation"=>""}, "commit"=>"Sign up"} and HTTP headers {"HTTP_REFERER"=>"/signup"}
REQUESTING PAGE: GET /signup with {} and HTTP headers {}
REQUESTING PAGE: POST /users with {"utf8"=>"✓", "user"=>{"name"=>"Example User", "email"=>"user@example.com", "password"=>"foobar", "password_confirmation"=>"foobar"}, "commit"=>"Sign up"} and HTTP headers {"HTTP_REFERER"=>"/signup"}
REQUESTING PAGE: GET http://www.example.com/users/1 with {} and HTTP headers {"HTTP_REFERER"=>"/users"}
REQUESTING PAGE: GET /signin with {} and HTTP headers {}
REQUESTING PAGE: POST /sessions with {"utf8"=>"✓", "email"=>"person_42@example.com", "password"=>"foobar", "commit"=>"Sign in"} and HTTP headers {"HTTP_REFERER"=>"/signin"}
REQUESTING PAGE: GET http://www.example.com/users/1 with {} and HTTP headers {"HTTP_REFERER"=>"/sessions"}
REQUESTING PAGE: GET /users/1/edit with {} and HTTP headers {"HTTP_REFERER"=>"http://www.example.com/users/1"}
REQUESTING PAGE: GET /signin with {} and HTTP headers {}
REQUESTING PAGE: POST /sessions with {"utf8"=>"✓", "email"=>"person_43@example.com", "password"=>"foobar", "commit"=>"Sign in"} and HTTP headers {"HTTP_REFERER"=>"/signin"}
REQUESTING PAGE: GET http://www.example.com/users/1 with {} and HTTP headers {"HTTP_REFERER"=>"/sessions"}
REQUESTING PAGE: GET /users/1/edit with {} and HTTP headers {"HTTP_REFERER"=>"http://www.example.com/users/1"}
REQUESTING PAGE: GET /signin with {} and HTTP headers {}
REQUESTING PAGE: POST /sessions with {"utf8"=>"✓", "email"=>"person_44@example.com", "password"=>"foobar", "commit"=>"Sign in"} and HTTP headers {"HTTP_REFERER"=>"/signin"}
REQUESTING PAGE: GET http://www.example.com/users/1 with {} and HTTP headers {"HTTP_REFERER"=>"/sessions"}
REQUESTING PAGE: GET /users/1/edit with {} and HTTP headers {"HTTP_REFERER"=>"http://www.example.com/users/1"}
REQUESTING PAGE: POST /users/1 with {"utf8"=>"✓", "_method"=>"put", "user"=>{"name"=>"New Name", "email"=>"new@example.com", "password"=>"foobar", "password_confirmation"=>"foobar"}, "commit"=>"Update"} and HTTP headers {"HTTP_REFERER"=>"/users/1/edit"}
REQUESTING PAGE: GET http://www.example.com/users/1 with {} and HTTP headers {"HTTP_REFERER"=>"/users/1"}
REQUESTING PAGE: GET /signin with {} and HTTP headers {}
REQUESTING PAGE: POST /sessions with {"utf8"=>"✓", "email"=>"person_45@example.com", "password"=>"foobar", "commit"=>"Sign in"} and HTTP headers {"HTTP_REFERER"=>"/signin"}
REQUESTING PAGE: GET http://www.example.com/users/1 with {} and HTTP headers {"HTTP_REFERER"=>"/sessions"}
REQUESTING PAGE: GET /users/1/edit with {} and HTTP headers {"HTTP_REFERER"=>"http://www.example.com/users/1"}
REQUESTING PAGE: POST /users/1 with {"utf8"=>"✓", "_method"=>"put", "user"=>{"name"=>"New Name", "email"=>"new@example.com", "password"=>"foobar", "password_confirmation"=>"foobar"}, "commit"=>"Update"} and HTTP headers {"HTTP_REFERER"=>"/users/1/edit"}
REQUESTING PAGE: GET http://www.example.com/users/1 with {} and HTTP headers {"HTTP_REFERER"=>"/users/1"}
REQUESTING PAGE: GET /signin with {} and HTTP headers {}
REQUESTING PAGE: POST /sessions with {"utf8"=>"✓", "email"=>"person_46@example.com", "password"=>"foobar", "commit"=>"Sign in"} and HTTP headers {"HTTP_REFERER"=>"/signin"}
REQUESTING PAGE: GET http://www.example.com/users/1 with {} and HTTP headers {"HTTP_REFERER"=>"/sessions"}
REQUESTING PAGE: GET /users/1/edit with {} and HTTP headers {"HTTP_REFERER"=>"http://www.example.com/users/1"}
REQUESTING PAGE: POST /users/1 with {"utf8"=>"✓", "_method"=>"put", "user"=>{"name"=>"New Name", "email"=>"new@example.com", "password"=>"foobar", "password_confirmation"=>"foobar"}, "commit"=>"Update"} and HTTP headers {"HTTP_REFERER"=>"/users/1/edit"}
REQUESTING PAGE: GET http://www.example.com/users/1 with {} and HTTP headers {"HTTP_REFERER"=>"/users/1"}
REQUESTING PAGE: GET /signin with {} and HTTP headers {}
REQUESTING PAGE: POST /sessions with {"utf8"=>"✓", "email"=>"person_47@example.com", "password"=>"foobar", "commit"=>"Sign in"} and HTTP headers {"HTTP_REFERER"=>"/signin"}
REQUESTING PAGE: GET http://www.example.com/users/1 with {} and HTTP headers {"HTTP_REFERER"=>"/sessions"}
REQUESTING PAGE: GET /users/1/edit with {} and HTTP headers {"HTTP_REFERER"=>"http://www.example.com/users/1"}
REQUESTING PAGE: POST /users/1 with {"utf8"=>"✓", "_method"=>"put", "user"=>{"name"=>"New Name", "email"=>"new@example.com", "password"=>"foobar", "password_confirmation"=>"foobar"}, "commit"=>"Update"} and HTTP headers {"HTTP_REFERER"=>"/users/1/edit"}
REQUESTING PAGE: GET http://www.example.com/users/1 with {} and HTTP headers {"HTTP_REFERER"=>"/users/1"}
REQUESTING PAGE: GET /signin with {} and HTTP headers {}
REQUESTING PAGE: POST /sessions with {"utf8"=>"✓", "email"=>"person_48@example.com", "password"=>"foobar", "commit"=>"Sign in"} and HTTP headers {"HTTP_REFERER"=>"/signin"}
REQUESTING PAGE: GET http://www.example.com/users/1 with {} and HTTP headers {"HTTP_REFERER"=>"/sessions"}
REQUESTING PAGE: GET /users with {} and HTTP headers {"HTTP_REFERER"=>"http://www.example.com/users/1"}
REQUESTING PAGE: GET /signin with {} and HTTP headers {}
REQUESTING PAGE: POST /sessions with {"utf8"=>"✓", "email"=>"person_49@example.com", "password"=>"foobar", "commit"=>"Sign in"} and HTTP headers {"HTTP_REFERER"=>"/signin"}
REQUESTING PAGE: GET http://www.example.com/users/1 with {} and HTTP headers {"HTTP_REFERER"=>"/sessions"}
REQUESTING PAGE: GET /users/1 with {} and HTTP headers {"HTTP_REFERER"=>"http://www.example.com/users/1"}
REQUESTING PAGE: GET /signin with {} and HTTP headers {}
REQUESTING PAGE: POST /sessions with {"utf8"=>"✓", "email"=>"person_50@example.com", "password"=>"foobar", "commit"=>"Sign in"} and HTTP headers {"HTTP_REFERER"=>"/signin"}
REQUESTING PAGE: GET http://www.example.com/users/1 with {} and HTTP headers {"HTTP_REFERER"=>"/sessions"}
REQUESTING PAGE: GET /users/1 with {} and HTTP headers {"HTTP_REFERER"=>"http://www.example.com/users/1"}
REQUESTING PAGE: GET /signin with {} and HTTP headers {}
REQUESTING PAGE: GET /signin with {} and HTTP headers {}
REQUESTING PAGE: GET /signin with {} and HTTP headers {}
REQUESTING PAGE: POST /sessions with {"utf8"=>"✓", "email"=>"", "password"=>"", "commit"=>"Sign in"} and HTTP headers {"HTTP_REFERER"=>"/signin"}
REQUESTING PAGE: GET /signin with {} and HTTP headers {}
REQUESTING PAGE: POST /sessions with {"utf8"=>"✓", "email"=>"", "password"=>"", "commit"=>"Sign in"} and HTTP headers {"HTTP_REFERER"=>"/signin"}
REQUESTING PAGE: GET /signin with {} and HTTP headers {}
REQUESTING PAGE: POST /sessions with {"utf8"=>"✓", "email"=>"", "password"=>"", "commit"=>"Sign in"} and HTTP headers {"HTTP_REFERER"=>"/signin"}
REQUESTING PAGE: GET / with {} and HTTP headers {"HTTP_REFERER"=>"/sessions"}
REQUESTING PAGE: GET /users with {} and HTTP headers {}
REQUESTING PAGE: GET http://www.example.com/signin with {} and HTTP headers {"HTTP_REFERER"=>"/users"}
REQUESTING PAGE: GET /users/1/edit with {} and HTTP headers {}
REQUESTING PAGE: GET http://www.example.com/signin with {} and HTTP headers {"HTTP_REFERER"=>"/users/1/edit"}
REQUESTING PAGE: GET /users/1/edit with {} and HTTP headers {}
REQUESTING PAGE: GET http://www.example.com/signin with {} and HTTP headers {"HTTP_REFERER"=>"/users/1/edit"}
REQUESTING PAGE: POST /sessions with {"utf8"=>"✓", "email"=>"person_31@example.com", "password"=>"foobar", "commit"=>"Sign in"} and HTTP headers {"HTTP_REFERER"=>"http://www.example.com/signin"}
REQUESTING PAGE: GET http://www.example.com/users/1/edit with {} and HTTP headers {"HTTP_REFERER"=>"/sessions"}
REQUESTING PAGE: GET /signin with {} and HTTP headers {}
REQUESTING PAGE: POST /sessions with {"utf8"=>"✓", "email"=>"person_33@example.com", "password"=>"foobar", "commit"=>"Sign in"} and HTTP headers {"HTTP_REFERER"=>"/signin"}
REQUESTING PAGE: GET http://www.example.com/users/1 with {} and HTTP headers {"HTTP_REFERER"=>"/sessions"}
REQUESTING PAGE: GET /users/2/edit with {} and HTTP headers {"HTTP_REFERER"=>"http://www.example.com/users/1"}
REQUESTING PAGE: GET http://www.example.com/ with {} and HTTP headers {"HTTP_REFERER"=>"/users/2/edit"}
REQUESTING PAGE: GET /signin with {} and HTTP headers {}
REQUESTING PAGE: POST /sessions with {"utf8"=>"✓", "email"=>"person_34@example.com", "password"=>"foobar", "commit"=>"Sign in"} and HTTP headers {"HTTP_REFERER"=>"/signin"}
REQUESTING PAGE: GET http://www.example.com/users/1 with {} and HTTP headers {"HTTP_REFERER"=>"/sessions"}
REQUESTING PAGE: GET / with {} and HTTP headers {}
REQUESTING PAGE: GET /about with {} and HTTP headers {"HTTP_REFERER"=>"/"}
REQUESTING PAGE: GET /help with {} and HTTP headers {"HTTP_REFERER"=>"/about"}
REQUESTING PAGE: GET /contact with {} and HTTP headers {"HTTP_REFERER"=>"/help"}
REQUESTING PAGE: GET / with {} and HTTP headers {"HTTP_REFERER"=>"/contact"}
REQUESTING PAGE: GET /signin with {} and HTTP headers {"HTTP_REFERER"=>"/"}
REQUESTING PAGE: GET /signin with {} and HTTP headers {}
REQUESTING PAGE: POST /sessions with {"utf8"=>"✓", "email"=>"person_35@example.com", "password"=>"foobar", "commit"=>"Sign in"} and HTTP headers {"HTTP_REFERER"=>"/signin"}
REQUESTING PAGE: GET http://www.example.com/users/1 with {} and HTTP headers {"HTTP_REFERER"=>"/sessions"}
REQUESTING PAGE: GET / with {} and HTTP headers {"HTTP_REFERER"=>"http://www.example.com/users/1"}
REQUESTING PAGE: POST /microposts with {"utf8"=>"✓", "micropost"=>{"content"=>""}, "commit"=>"Submit"} and HTTP headers {"HTTP_REFERER"=>"/"}
REQUESTING PAGE: GET /signin with {} and HTTP headers {}
REQUESTING PAGE: POST /sessions with {"utf8"=>"✓", "email"=>"person_36@example.com", "password"=>"foobar", "commit"=>"Sign in"} and HTTP headers {"HTTP_REFERER"=>"/signin"}
REQUESTING PAGE: GET http://www.example.com/users/1 with {} and HTTP headers {"HTTP_REFERER"=>"/sessions"}
REQUESTING PAGE: GET / with {} and HTTP headers {"HTTP_REFERER"=>"http://www.example.com/users/1"}
REQUESTING PAGE: POST /microposts with {"utf8"=>"✓", "micropost"=>{"content"=>"Lorem ipsum"}, "commit"=>"Submit"} and HTTP headers {"HTTP_REFERER"=>"/"}
REQUESTING PAGE: GET http://www.example.com/ with {} and HTTP headers {"HTTP_REFERER"=>"/microposts"}
REQUESTING PAGE: GET /signup with {} and HTTP headers {}
REQUESTING PAGE: GET /signup with {} and HTTP headers {}
REQUESTING PAGE: GET /signup with {} and HTTP headers {}
REQUESTING PAGE: POST /users with {"utf8"=>"✓", "user"=>{"name"=>"", "email"=>"", "password"=>"", "password_confirmation"=>""}, "commit"=>"Sign up"} and HTTP headers {"HTTP_REFERER"=>"/signup"}
REQUESTING PAGE: GET /signup with {} and HTTP headers {}
REQUESTING PAGE: POST /users with {"utf8"=>"✓", "user"=>{"name"=>"Example User", "email"=>"user@example.com", "password"=>"foobar", "password_confirmation"=>"foobar"}, "commit"=>"Sign up"} and HTTP headers {"HTTP_REFERER"=>"/signup"}
REQUESTING PAGE: GET http://www.example.com/users/1 with {} and HTTP headers {"HTTP_REFERER"=>"/users"}
REQUESTING PAGE: GET /signin with {} and HTTP headers {}
REQUESTING PAGE: POST /sessions with {"utf8"=>"✓", "email"=>"person_37@example.com", "password"=>"foobar", "commit"=>"Sign in"} and HTTP headers {"HTTP_REFERER"=>"/signin"}
REQUESTING PAGE: GET http://www.example.com/users/1 with {} and HTTP headers {"HTTP_REFERER"=>"/sessions"}
REQUESTING PAGE: GET /users/1/edit with {} and HTTP headers {"HTTP_REFERER"=>"http://www.example.com/users/1"}
REQUESTING PAGE: GET /signin with {} and HTTP headers {}
REQUESTING PAGE: POST /sessions with {"utf8"=>"✓", "email"=>"person_38@example.com", "password"=>"foobar", "commit"=>"Sign in"} and HTTP headers {"HTTP_REFERER"=>"/signin"}
REQUESTING PAGE: GET http://www.example.com/users/1 with {} and HTTP headers {"HTTP_REFERER"=>"/sessions"}
REQUESTING PAGE: GET /users/1/edit with {} and HTTP headers {"HTTP_REFERER"=>"http://www.example.com/users/1"}
REQUESTING PAGE: GET /signin with {} and HTTP headers {}
REQUESTING PAGE: POST /sessions with {"utf8"=>"✓", "email"=>"person_39@example.com", "password"=>"foobar", "commit"=>"Sign in"} and HTTP headers {"HTTP_REFERER"=>"/signin"}
REQUESTING PAGE: GET http://www.example.com/users/1 with {} and HTTP headers {"HTTP_REFERER"=>"/sessions"}
REQUESTING PAGE: GET /users/1/edit with {} and HTTP headers {"HTTP_REFERER"=>"http://www.example.com/users/1"}
REQUESTING PAGE: POST /users/1 with {"utf8"=>"✓", "_method"=>"put", "user"=>{"name"=>"New Name", "email"=>"new@example.com", "password"=>"foobar", "password_confirmation"=>"foobar"}, "commit"=>"Update"} and HTTP headers {"HTTP_REFERER"=>"/users/1/edit"}
REQUESTING PAGE: GET http://www.example.com/users/1 with {} and HTTP headers {"HTTP_REFERER"=>"/users/1"}
REQUESTING PAGE: GET /signin with {} and HTTP headers {}
REQUESTING PAGE: POST /sessions with {"utf8"=>"✓", "email"=>"person_40@example.com", "password"=>"foobar", "commit"=>"Sign in"} and HTTP headers {"HTTP_REFERER"=>"/signin"}
REQUESTING PAGE: GET http://www.example.com/users/1 with {} and HTTP headers {"HTTP_REFERER"=>"/sessions"}
REQUESTING PAGE: GET /users/1/edit with {} and HTTP headers {"HTTP_REFERER"=>"http://www.example.com/users/1"}
REQUESTING PAGE: POST /users/1 with {"utf8"=>"✓", "_method"=>"put", "user"=>{"name"=>"New Name", "email"=>"new@example.com", "password"=>"foobar", "password_confirmation"=>"foobar"}, "commit"=>"Update"} and HTTP headers {"HTTP_REFERER"=>"/users/1/edit"}
REQUESTING PAGE: GET http://www.example.com/users/1 with {} and HTTP headers {"HTTP_REFERER"=>"/users/1"}
REQUESTING PAGE: GET /signin with {} and HTTP headers {}
REQUESTING PAGE: POST /sessions with {"utf8"=>"✓", "email"=>"person_41@example.com", "password"=>"foobar", "commit"=>"Sign in"} and HTTP headers {"HTTP_REFERER"=>"/signin"}
REQUESTING PAGE: GET http://www.example.com/users/1 with {} and HTTP headers {"HTTP_REFERER"=>"/sessions"}
REQUESTING PAGE: GET /users/1/edit with {} and HTTP headers {"HTTP_REFERER"=>"http://www.example.com/users/1"}
REQUESTING PAGE: POST /users/1 with {"utf8"=>"✓", "_method"=>"put", "user"=>{"name"=>"New Name", "email"=>"new@example.com", "password"=>"foobar", "password_confirmation"=>"foobar"}, "commit"=>"Update"} and HTTP headers {"HTTP_REFERER"=>"/users/1/edit"}
REQUESTING PAGE: GET http://www.example.com/users/1 with {} and HTTP headers {"HTTP_REFERER"=>"/users/1"}
REQUESTING PAGE: GET /signin with {} and HTTP headers {}
REQUESTING PAGE: POST /sessions with {"utf8"=>"✓", "email"=>"person_42@example.com", "password"=>"foobar", "commit"=>"Sign in"} and HTTP headers {"HTTP_REFERER"=>"/signin"}
REQUESTING PAGE: GET http://www.example.com/users/1 with {} and HTTP headers {"HTTP_REFERER"=>"/sessions"}
REQUESTING PAGE: GET /users/1/edit with {} and HTTP headers {"HTTP_REFERER"=>"http://www.example.com/users/1"}
REQUESTING PAGE: POST /users/1 with {"utf8"=>"✓", "_method"=>"put", "user"=>{"name"=>"New Name", "email"=>"new@example.com", "password"=>"foobar", "password_confirmation"=>"foobar"}, "commit"=>"Update"} and HTTP headers {"HTTP_REFERER"=>"/users/1/edit"}
REQUESTING PAGE: GET http://www.example.com/users/1 with {} and HTTP headers {"HTTP_REFERER"=>"/users/1"}
REQUESTING PAGE: GET /signin with {} and HTTP headers {}
REQUESTING PAGE: POST /sessions with {"utf8"=>"✓", "email"=>"person_43@example.com", "password"=>"foobar", "commit"=>"Sign in"} and HTTP headers {"HTTP_REFERER"=>"/signin"}
REQUESTING PAGE: GET http://www.example.com/users/1 with {} and HTTP headers {"HTTP_REFERER"=>"/sessions"}
REQUESTING PAGE: GET /users with {} and HTTP headers {"HTTP_REFERER"=>"http://www.example.com/users/1"}
REQUESTING PAGE: GET /signin with {} and HTTP headers {}
REQUESTING PAGE: POST /sessions with {"utf8"=>"✓", "email"=>"person_44@example.com", "password"=>"foobar", "commit"=>"Sign in"} and HTTP headers {"HTTP_REFERER"=>"/signin"}
REQUESTING PAGE: GET http://www.example.com/users/1 with {} and HTTP headers {"HTTP_REFERER"=>"/sessions"}
REQUESTING PAGE: GET /users/1 with {} and HTTP headers {"HTTP_REFERER"=>"http://www.example.com/users/1"}
REQUESTING PAGE: GET /signin with {} and HTTP headers {}
REQUESTING PAGE: POST /sessions with {"utf8"=>"✓", "email"=>"person_45@example.com", "password"=>"foobar", "commit"=>"Sign in"} and HTTP headers {"HTTP_REFERER"=>"/signin"}
REQUESTING PAGE: GET http://www.example.com/users/1 with {} and HTTP headers {"HTTP_REFERER"=>"/sessions"}
REQUESTING PAGE: GET /users/1 with {} and HTTP headers {"HTTP_REFERER"=>"http://www.example.com/users/1"}
